#
# A fatal error has been detected by the Java Runtime Environment:
#
#  EXCEPTION_ACCESS_VIOLATION (0xc0000005) at pc=0x0000014012471066, pid=12236, tid=16420
#
# JRE version: OpenJDK Runtime Environment Temurin-11.0.16+8 (11.0.16+8) (build 11.0.16+8)
# Java VM: OpenJDK 64-Bit Server VM Temurin-11.0.16+8 (11.0.16+8, mixed mode, tiered, compressed oops, g1 gc, windows-amd64)
# Problematic frame:
# C  [OpenAL64.dll+0x11066]
#
# No core dump will be written. Minidumps are not enabled by default on client versions of Windows
#
# If you would like to submit a bug report, please visit:
#   https://github.com/adoptium/adoptium-support/issues
# The crash happened outside the Java Virtual Machine in native code.
# See problematic frame for where to report the bug.
#

---------------  S U M M A R Y ------------

Command Line: -Duser.language=en_US -Dfile.encoding=UTF-8 org.uqbar.project.wollok.launch.WollokLauncher -requestsPort 0 -eventsPort 0 -folder -dontValidate -wf src/plat.wpgm

Host: AMD Ryzen 5 2600 Six-Core Processor            , 12 cores, 15G,  Windows 10 , 64 bit Build 19041 (10.0.19041.1889)
Time: Tue Sep  6 22:06:47 2022 Argentina Standard Time elapsed time: 3.130281 seconds (0d 0h 0m 3s)

---------------  T H R E A D  ---------------

Current thread (0x0000014066734800):  JavaThread "main" [_thread_in_native, id=16420, stack(0x0000001184900000,0x0000001184a00000)]

Stack: [0x0000001184900000,0x0000001184a00000],  sp=0x00000011849fbb40,  free space=1006k
Native frames: (J=compiled Java code, j=interpreted, Vv=VM code, C=native code)
C  [OpenAL64.dll+0x11066]

Java frames: (J=compiled Java code, j=interpreted, Vv=VM code)
j  org.lwjgl.openal.ALC10.nalcCreateContext(JJ)J+0
j  org.lwjgl.openal.ALC10.alcCreateContext(Lorg/lwjgl/openal/ALCdevice;Ljava/nio/IntBuffer;)Lorg/lwjgl/openal/ALCcontext;+8
j  org.lwjgl.openal.AL.init(Ljava/lang/String;IIZZ)V+69
j  org.lwjgl.openal.AL.create(Ljava/lang/String;IIZZ)V+246
j  org.lwjgl.openal.AL.create(Ljava/lang/String;IIZ)V+5
j  org.lwjgl.openal.AL.create()V+6
j  com.badlogic.gdx.backends.lwjgl.audio.OpenALAudio.<init>(III)V+114
j  com.badlogic.gdx.backends.lwjgl.LwjglApplication.<init>(Lcom/badlogic/gdx/ApplicationListener;Lcom/badlogic/gdx/backends/lwjgl/LwjglApplicationConfiguration;Lcom/badlogic/gdx/backends/lwjgl/LwjglGraphics;)V+120
j  com.badlogic.gdx.backends.lwjgl.LwjglApplication.<init>(Lcom/badlogic/gdx/ApplicationListener;Lcom/badlogic/gdx/backends/lwjgl/LwjglApplicationConfiguration;)V+11
j  org.uqbar.project.wollok.game.gameboard.WollokGDXApplication.<init>(Lorg/uqbar/project/wollok/game/gameboard/Gameboard;Ljava/lang/Boolean;)V+17
j  org.uqbar.project.wollok.game.helpers.Application.start(Lorg/uqbar/project/wollok/game/gameboard/Gameboard;Ljava/lang/Boolean;)V+5
j  org.uqbar.project.wollok.game.gameboard.Gameboard.start(Ljava/lang/Boolean;)V+13
j  wollok.game.GameObject.doStart(Ljava/lang/Boolean;)V+12
v  ~StubRoutines::call_stub
J 3757  jdk.internal.reflect.NativeMethodAccessorImpl.invoke0(Ljava/lang/reflect/Method;Ljava/lang/Object;[Ljava/lang/Object;)Ljava/lang/Object; java.base@11.0.16 (0 bytes) @ 0x0000014076b31ccf [0x0000014076b31c40+0x000000000000008f]
J 3756 c1 jdk.internal.reflect.NativeMethodAccessorImpl.invoke(Ljava/lang/Object;[Ljava/lang/Object;)Ljava/lang/Object; java.base@11.0.16 (104 bytes) @ 0x000001406fbd91a4 [0x000001406fbd8dc0+0x00000000000003e4]
J 4315 c2 jdk.internal.reflect.DelegatingMethodAccessorImpl.invoke(Ljava/lang/Object;[Ljava/lang/Object;)Ljava/lang/Object; java.base@11.0.16 (10 bytes) @ 0x0000014076b905e8 [0x0000014076b905a0+0x0000000000000048]
J 4227 c1 org.uqbar.project.wollok.ui.utils.XTendUtilExtensions.invokeConvertingArgs(Ljava/lang/reflect/Method;Ljava/lang/Object;[Ljava/lang/Object;)Lorg/uqbar/project/wollok/interpreter/core/WollokObject; (368 bytes) @ 0x000001406fd1d084 [0x000001406fd1b400+0x0000000000001c84]
J 4067 c1 org.uqbar.project.wollok.interpreter.AbstractWollokCallable._invokeNative(Ljava/lang/Object;Ljava/lang/String;[Lorg/uqbar/project/wollok/interpreter/core/WollokObject;)Lorg/uqbar/project/wollok/interpreter/core/WollokObject; (49 bytes) @ 0x000001406fc94e34 [0x000001406fc94c00+0x0000000000000234]
J 4066 c1 org.uqbar.project.wollok.interpreter.AbstractWollokCallable.invokeNative(Ljava/lang/Object;Ljava/lang/String;[Lorg/uqbar/project/wollok/interpreter/core/WollokObject;)Lorg/uqbar/project/wollok/interpreter/core/WollokObject; (76 bytes) @ 0x000001406fc93be4 [0x000001406fc92c40+0x0000000000000fa4]
J 4113 c1 org.uqbar.project.wollok.interpreter.AbstractWollokCallable$1.apply()Lorg/uqbar/project/wollok/interpreter/core/WollokObject; (145 bytes) @ 0x000001406fcbe714 [0x000001406fcbe000+0x0000000000000714]
J 4112 c1 org.uqbar.project.wollok.interpreter.AbstractWollokCallable$1.apply()Ljava/lang/Object; (5 bytes) @ 0x000001406fcbdb44 [0x000001406fcbdac0+0x0000000000000084]
J 4006 c1 org.uqbar.project.wollok.interpreter.threads.WThread.performOnStack(Lorg/eclipse/emf/ecore/EObject;Lorg/uqbar/project/wollok/interpreter/context/EvaluationContext;Lorg/eclipse/xtext/xbase/lib/Functions$Function0;)Lorg/uqbar/project/wollok/interpreter/core/WollokObject; (157 bytes) @ 0x000001406fc68cd4 [0x000001406fc68980+0x0000000000000354]
J 4016 c1 org.uqbar.project.wollok.interpreter.AbstractWollokCallable.call(Lorg/uqbar/project/wollok/wollokDsl/WMethodDeclaration;[Lorg/uqbar/project/wollok/interpreter/core/WollokObject;)Lorg/uqbar/project/wollok/interpreter/core/WollokObject; (46 bytes) @ 0x000001406fc75e04 [0x000001406fc75020+0x0000000000000de4]
J 4097 c1 org.uqbar.project.wollok.interpreter.core.WollokObject.call(Ljava/lang/String;[Lorg/uqbar/project/wollok/interpreter/core/WollokObject;)Lorg/uqbar/project/wollok/interpreter/core/WollokObject; (61 bytes) @ 0x000001406fcb644c [0x000001406fcb5d40+0x000000000000070c]
J 4255 c1 org.uqbar.project.wollok.interpreter.WollokInterpreterEvaluator._evaluate(Lorg/uqbar/project/wollok/wollokDsl/WFeatureCall;)Lorg/uqbar/project/wollok/interpreter/core/WollokObject; (125 bytes) @ 0x000001406fd4cf94 [0x000001406fd4ba40+0x0000000000001554]
J 4303 c1 org.uqbar.project.wollok.launch.WollokLauncherInterpreterEvaluator.evaluate(Lorg/eclipse/emf/ecore/EObject;)Lorg/uqbar/project/wollok/interpreter/core/WollokObject; (502 bytes) @ 0x000001406fd7da64 [0x000001406fd78c40+0x0000000000004e24]
J 4301 c1 org.uqbar.project.wollok.interpreter.WollokInterpreter.eval(Lorg/eclipse/emf/ecore/EObject;)Lorg/uqbar/project/wollok/interpreter/core/WollokObject; (190 bytes) @ 0x000001406fd75f94 [0x000001406fd754a0+0x0000000000000af4]
J 4283 c1 org.uqbar.project.wollok.interpreter.WollokInterpreterEvaluator$1.apply(Ljava/lang/Object;Ljava/lang/Object;)Ljava/lang/Object; (13 bytes) @ 0x000001406fd60da4 [0x000001406fd60a00+0x00000000000003a4]
J 3947 c1 org.eclipse.xtext.xbase.lib.IteratorExtensions.fold(Ljava/util/Iterator;Ljava/lang/Object;Lorg/eclipse/xtext/xbase/lib/Functions$Function2;)Ljava/lang/Object; (30 bytes) @ 0x000001406fc3f7c4 [0x000001406fc3f600+0x00000000000001c4]
J 4392 c1 org.uqbar.project.wollok.interpreter.WollokInterpreterEvaluator._evaluate(Lorg/uqbar/project/wollok/wollokDsl/WBlockExpression;)Lorg/uqbar/project/wollok/interpreter/core/WollokObject; (40 bytes) @ 0x000001406fdda1b4 [0x000001406fdd9540+0x0000000000000c74]
J 4303 c1 org.uqbar.project.wollok.launch.WollokLauncherInterpreterEvaluator.evaluate(Lorg/eclipse/emf/ecore/EObject;)Lorg/uqbar/project/wollok/interpreter/core/WollokObject; (502 bytes) @ 0x000001406fd813c4 [0x000001406fd78c40+0x0000000000008784]
J 4301 c1 org.uqbar.project.wollok.interpreter.WollokInterpreter.eval(Lorg/eclipse/emf/ecore/EObject;)Lorg/uqbar/project/wollok/interpreter/core/WollokObject; (190 bytes) @ 0x000001406fd75f94 [0x000001406fd754a0+0x0000000000000af4]
J 4113 c1 org.uqbar.project.wollok.interpreter.AbstractWollokCallable$1.apply()Lorg/uqbar/project/wollok/interpreter/core/WollokObject; (145 bytes) @ 0x000001406fcbeaa4 [0x000001406fcbe000+0x0000000000000aa4]
J 4112 c1 org.uqbar.project.wollok.interpreter.AbstractWollokCallable$1.apply()Ljava/lang/Object; (5 bytes) @ 0x000001406fcbdb44 [0x000001406fcbdac0+0x0000000000000084]
J 4006 c1 org.uqbar.project.wollok.interpreter.threads.WThread.performOnStack(Lorg/eclipse/emf/ecore/EObject;Lorg/uqbar/project/wollok/interpreter/context/EvaluationContext;Lorg/eclipse/xtext/xbase/lib/Functions$Function0;)Lorg/uqbar/project/wollok/interpreter/core/WollokObject; (157 bytes) @ 0x000001406fc68cd4 [0x000001406fc68980+0x0000000000000354]
J 4016 c1 org.uqbar.project.wollok.interpreter.AbstractWollokCallable.call(Lorg/uqbar/project/wollok/wollokDsl/WMethodDeclaration;[Lorg/uqbar/project/wollok/interpreter/core/WollokObject;)Lorg/uqbar/project/wollok/interpreter/core/WollokObject; (46 bytes) @ 0x000001406fc75e04 [0x000001406fc75020+0x0000000000000de4]
J 4097 c1 org.uqbar.project.wollok.interpreter.core.WollokObject.call(Ljava/lang/String;[Lorg/uqbar/project/wollok/interpreter/core/WollokObject;)Lorg/uqbar/project/wollok/interpreter/core/WollokObject; (61 bytes) @ 0x000001406fcb644c [0x000001406fcb5d40+0x000000000000070c]
J 4255 c1 org.uqbar.project.wollok.interpreter.WollokInterpreterEvaluator._evaluate(Lorg/uqbar/project/wollok/wollokDsl/WFeatureCall;)Lorg/uqbar/project/wollok/interpreter/core/WollokObject; (125 bytes) @ 0x000001406fd4cf94 [0x000001406fd4ba40+0x0000000000001554]
J 4303 c1 org.uqbar.project.wollok.launch.WollokLauncherInterpreterEvaluator.evaluate(Lorg/eclipse/emf/ecore/EObject;)Lorg/uqbar/project/wollok/interpreter/core/WollokObject; (502 bytes) @ 0x000001406fd7da64 [0x000001406fd78c40+0x0000000000004e24]
J 4301 c1 org.uqbar.project.wollok.interpreter.WollokInterpreter.eval(Lorg/eclipse/emf/ecore/EObject;)Lorg/uqbar/project/wollok/interpreter/core/WollokObject; (190 bytes) @ 0x000001406fd75f94 [0x000001406fd754a0+0x0000000000000af4]
J 4283 c1 org.uqbar.project.wollok.interpreter.WollokInterpreterEvaluator$1.apply(Ljava/lang/Object;Ljava/lang/Object;)Ljava/lang/Object; (13 bytes) @ 0x000001406fd60da4 [0x000001406fd60a00+0x00000000000003a4]
j  org.eclipse.xtext.xbase.lib.IteratorExtensions.fold(Ljava/util/Iterator;Ljava/lang/Object;Lorg/eclipse/xtext/xbase/lib/Functions$Function2;)Ljava/lang/Object;+19
j  org.eclipse.xtext.xbase.lib.IterableExtensions.fold(Ljava/lang/Iterable;Ljava/lang/Object;Lorg/eclipse/xtext/xbase/lib/Functions$Function2;)Ljava/lang/Object;+8
j  org.uqbar.project.wollok.interpreter.WollokInterpreterEvaluator.evalAll(Ljava/lang/Iterable;)Lorg/uqbar/project/wollok/interpreter/core/WollokObject;+12
j  org.uqbar.project.wollok.interpreter.WollokInterpreterEvaluator._evaluate(Lorg/uqbar/project/wollok/wollokDsl/WProgram;)Lorg/uqbar/project/wollok/interpreter/core/WollokObject;+18
j  org.uqbar.project.wollok.launch.WollokLauncherInterpreterEvaluator.evaluate(Lorg/eclipse/emf/ecore/EObject;)Lorg/uqbar/project/wollok/interpreter/core/WollokObject;+444
j  org.uqbar.project.wollok.interpreter.WollokInterpreterEvaluator.evaluate(Lorg/eclipse/emf/ecore/EObject;)Ljava/lang/Object;+2
j  org.uqbar.project.wollok.interpreter.WollokInterpreter.eval(Lorg/eclipse/emf/ecore/EObject;)Lorg/uqbar/project/wollok/interpreter/core/WollokObject;+63
j  org.uqbar.project.wollok.interpreter.WollokInterpreterEvaluator.eval(Lorg/eclipse/emf/ecore/EObject;)Lorg/uqbar/project/wollok/interpreter/core/WollokObject;+5
j  org.uqbar.project.wollok.launch.WollokLauncherInterpreterEvaluator._evaluate(Lorg/uqbar/project/wollok/wollokDsl/WFile;)Lorg/uqbar/project/wollok/interpreter/core/WollokObject;+32
j  org.uqbar.project.wollok.launch.WollokLauncherInterpreterEvaluator.evaluate(Lorg/eclipse/emf/ecore/EObject;)Lorg/uqbar/project/wollok/interpreter/core/WollokObject;+428
j  org.uqbar.project.wollok.interpreter.WollokInterpreterEvaluator.evaluate(Lorg/eclipse/emf/ecore/EObject;)Ljava/lang/Object;+2
j  org.uqbar.project.wollok.interpreter.WollokInterpreter.interpret(Lorg/eclipse/emf/ecore/EObject;Ljava/lang/Boolean;)Lorg/uqbar/project/wollok/interpreter/core/WollokObject;+25
j  org.uqbar.project.wollok.interpreter.WollokInterpreter.interpret(Lorg/eclipse/emf/ecore/EObject;)Lorg/uqbar/project/wollok/interpreter/core/WollokObject;+8
j  org.uqbar.project.wollok.launch.WollokLauncher.doSomething(Lorg/uqbar/project/wollok/wollokDsl/WFile;Lcom/google/inject/Injector;Ljava/io/File;Lorg/uqbar/project/wollok/launch/WollokLauncherParameters;)V+109
j  org.uqbar.project.wollok.launch.WollokChecker.launch(Ljava/lang/String;Lorg/uqbar/project/wollok/launch/WollokLauncherParameters;)V+31
j  org.uqbar.project.wollok.launch.WollokChecker.doMain([Ljava/lang/String;)V+205
j  org.uqbar.project.wollok.launch.WollokLauncher.main([Ljava/lang/String;)V+8
v  ~StubRoutines::call_stub

siginfo: EXCEPTION_ACCESS_VIOLATION (0xc0000005), reading address 0x000001400f55f004


Register to memory mapping:

RIP=0x0000014012471066 OpenAL64.dll
RAX=0x0000000000000004 is an unknown value
RBX=0x00000140125f0090 points into unknown readable memory: 0x0000000100000002 | 02 00 00 00 01 00 00 00
RCX=0x000001400f55f008 is an unknown value
RDX=0x000001400f55f004 is an unknown value
RSP=0x00000011849fbb40 is pointing into the stack for thread: 0x0000014066734800
RBP=0x00000000000000ff is an unknown value
RSI=0x000001400f55ef4c points into unknown readable memory: fa 7f 00 00
RDI=0x0 is NULL
R8 =0x000000000000002e is an unknown value
R9 =0x000001400f55ef4c points into unknown readable memory: fa 7f 00 00
R10=0x000001406ee9f748 is at code_begin+1000 in an Interpreter codelet
method entry point (kind = native)  [0x000001406ee9f360, 0x000001406ee9fe00]  2720 bytes
R11=0x0000000713ede730 is an oop: java.lang.Class 
{0x0000000713ede730} - klass: 'java/lang/Class'
R12=0x0000000000000001 is an unknown value
R13={method} {0x0000014010058880} 'nalcCreateContext' '(JJ)J' in 'org/lwjgl/openal/ALC10'
R14=0x00000011849fbce0 is pointing into the stack for thread: 0x0000014066734800
R15=0x0000014066734800 is a thread


Registers:
RAX=0x0000000000000004, RBX=0x00000140125f0090, RCX=0x000001400f55f008, RDX=0x000001400f55f004
RSP=0x00000011849fbb40, RBP=0x00000000000000ff, RSI=0x000001400f55ef4c, RDI=0x0000000000000000
R8 =0x000000000000002e, R9 =0x000001400f55ef4c, R10=0x000001406ee9f748, R11=0x0000000713ede730
R12=0x0000000000000001, R13=0x0000014010058878, R14=0x00000011849fbce0, R15=0x0000014066734800
RIP=0x0000014012471066, EFLAGS=0x0000000000010202

Top of Stack: (sp=0x00000011849fbb40)
0x00000011849fbb40:   0000000200000004 0000000000000002
0x00000011849fbb50:   0000014066735220 0000002800000003
0x00000011849fbb60:   0000014066734800 00000011849fbce0
0x00000011849fbb70:   0000014010058878 00007ffafd96f695
0x00000011849fbb80:   0000000000000000 00000000000001f0
0x00000011849fbb90:   0000014066734800 0000014066734800
0x00000011849fbba0:   0000000000000000 00007ffafd6f6e2c
0x00000011849fbbb0:   0000014066734800 00000011849fbce0
0x00000011849fbbc0:   0000014010058878 0000000000000000
0x00000011849fbbd0:   000001400f55ef4c 00000000000001f0
0x00000011849fbbe0:   00000011849fbca8 000001401247248f
0x00000011849fbbf0:   00000140125f0090 00000140125f0090
0x00000011849fbc00:   000001400000ac44 0000000000000004
0x00000011849fbc10:   0000000000000000 000001406ee9f777
0x00000011849fbc20:   0000014010058878 000001406ee9f45c
0x00000011849fbc30:   0000014010058878 00000011849fbca8 

Instructions: (pc=0x0000014012471066)
0x0000014012470f66:   b0 00 00 00 0f ba a3 fc 00 00 00 1f 44 89 9c 24
0x0000014012470f76:   b0 00 00 00 73 15 48 8b 83 f8 61 01 00 48 8b cb
0x0000014012470f86:   ff 50 20 44 8b 9c 24 b0 00 00 00 0f ba b3 fc 00
0x0000014012470f96:   00 00 1f 44 89 7b 38 44 89 6b 44 44 89 73 48 e9
0x0000014012470fa6:   56 01 00 00 83 3d 4f 94 04 00 02 0f 8c 8e fe ff
0x0000014012470fb6:   ff 4c 8d 05 a2 2c 03 00 e9 6f fe ff ff 48 3b d7
0x0000014012470fc6:   0f 84 3f 01 00 00 39 3a 0f 84 37 01 00 00 0f ba
0x0000014012470fd6:   a1 fc 00 00 00 1f 73 0a 48 8b 81 f8 61 01 00 ff
0x0000014012470fe6:   50 20 8b 43 38 0f ba b3 fc 00 00 00 1f 8b 6b 64
0x0000014012470ff6:   44 8b 63 68 89 84 24 c0 00 00 00 8b 43 6c 89 84
0x0000014012471006:   24 c8 00 00 00 4c 8b c7 39 3e 74 58 48 8b d6 48
0x0000014012471016:   8d 4e 04 81 3a 07 10 00 00 75 10 8b 01 83 8b fc
0x0000014012471026:   00 00 00 02 89 84 24 c0 00 00 00 81 3a 11 10 00
0x0000014012471036:   00 75 10 8b 6b 5c 44 8b 21 44 3b e5 44 0f 47 e5
0x0000014012471046:   41 2b ec 81 3a 03 00 02 00 75 09 8b 01 89 84 24
0x0000014012471056:   c8 00 00 00 49 83 c0 02 48 83 c1 08 4a 8d 14 86
0x0000014012471066:   39 3a 75 af 4c 8d 84 24 c0 00 00 00 48 8d 15 d7
0x0000014012471076:   2b 03 00 33 c9 e8 58 5f 00 00 b8 40 1f 00 00 4c
0x0000014012471086:   8d 84 24 c8 00 00 00 39 84 24 c0 00 00 00 48 8d
0x0000014012471096:   15 e9 2b 03 00 0f 47 84 24 c0 00 00 00 33 c9 89
0x00000140124710a6:   84 24 c0 00 00 00 e8 27 5f 00 00 8b 43 3c 44 8b
0x00000140124710b6:   84 24 c0 00 00 00 8b 4b 38 41 bb 04 00 00 00 44
0x00000140124710c6:   39 9c 24 c8 00 00 00 44 0f 42 9c 24 c8 00 00 00
0x00000140124710d6:   33 d2 44 89 9c 24 c8 00 00 00 49 0f af c0 48 f7
0x00000140124710e6:   f1 89 43 3c f6 05 43 b6 04 00 01 74 09 83 c0 03
0x00000140124710f6:   83 e0 fc 89 43 3c 44 89 43 38 44 89 5b 6c 44 89
0x0000014012471106:   63 68 89 6b 64 44 8b 9b fc 00 00 00 41 0f ba e3
0x0000014012471116:   1f 0f 82 6a 05 00 00 44 8b 6b 38 8b 6b 44 44 8b
0x0000014012471126:   63 48 41 bf 03 00 00 00 48 8d 35 5b 2b 03 00 4c
0x0000014012471136:   8d 35 80 dc 02 00 44 39 3d bd 92 04 00 0f 8c 81
0x0000014012471146:   00 00 00 4c 8d 15 88 28 03 00 4c 8d 35 f5 2a 03
0x0000014012471156:   00 41 f6 c3 02 4d 8b ca 41 8b cc 4d 0f 45 ce e8 


Stack slot to memory mapping:
stack at sp + 0 slots: 0x0000000200000004 is an unknown value
stack at sp + 1 slots: 0x0000000000000002 is an unknown value
stack at sp + 2 slots: 0x0000014066735220 points into unknown readable memory: 0x6e616c2e6176616a | 6a 61 76 61 2e 6c 61 6e
stack at sp + 3 slots: 0x0000002800000003 is an unknown value
stack at sp + 4 slots: 0x0000014066734800 is a thread
stack at sp + 5 slots: 0x00000011849fbce0 is pointing into the stack for thread: 0x0000014066734800
stack at sp + 6 slots: {method} {0x0000014010058880} 'nalcCreateContext' '(JJ)J' in 'org/lwjgl/openal/ALC10'
stack at sp + 7 slots: 0x00007ffafd96f695 jvm.dll


---------------  P R O C E S S  ---------------

Threads class SMR info:
_java_thread_list=0x000001400ca44c80, length=14, elements={
0x0000014066734800, 0x000001400a9ff000, 0x000001400aa00000, 0x000001400aa04000,
0x000001400aa05000, 0x000001400b303800, 0x000001400b316800, 0x000001400b338800,
0x000001400b33d800, 0x000001400b4a5000, 0x000001400b846800, 0x000001400b4a4000,
0x000001400c606800, 0x000001400be6b000
}

Java Threads: ( => current thread )
=>0x0000014066734800 JavaThread "main" [_thread_in_native, id=16420, stack(0x0000001184900000,0x0000001184a00000)]
  0x000001400a9ff000 JavaThread "Reference Handler" daemon [_thread_blocked, id=8968, stack(0x0000001185000000,0x0000001185100000)]
  0x000001400aa00000 JavaThread "Finalizer" daemon [_thread_blocked, id=18260, stack(0x0000001185100000,0x0000001185200000)]
  0x000001400aa04000 JavaThread "Signal Dispatcher" daemon [_thread_blocked, id=12492, stack(0x0000001185200000,0x0000001185300000)]
  0x000001400aa05000 JavaThread "Attach Listener" daemon [_thread_blocked, id=9708, stack(0x0000001185300000,0x0000001185400000)]
  0x000001400b303800 JavaThread "Service Thread" daemon [_thread_blocked, id=9072, stack(0x0000001185400000,0x0000001185500000)]
  0x000001400b316800 JavaThread "C2 CompilerThread0" daemon [_thread_blocked, id=600, stack(0x0000001185500000,0x0000001185600000)]
  0x000001400b338800 JavaThread "C1 CompilerThread0" daemon [_thread_blocked, id=8200, stack(0x0000001185600000,0x0000001185700000)]
  0x000001400b33d800 JavaThread "Sweeper thread" daemon [_thread_blocked, id=14452, stack(0x0000001185700000,0x0000001185800000)]
  0x000001400b4a5000 JavaThread "Common-Cleaner" daemon [_thread_blocked, id=9064, stack(0x0000001185900000,0x0000001185a00000)]
  0x000001400b846800 JavaThread "C2 CompilerThread1" daemon [_thread_blocked, id=7808, stack(0x0000001185a00000,0x0000001185b00000)]
  0x000001400b4a4000 JavaThread "C2 CompilerThread2" daemon [_thread_blocked, id=4264, stack(0x0000001185b00000,0x0000001185c00000)]
  0x000001400c606800 JavaThread "EMF Reference Cleaner" daemon [_thread_blocked, id=12880, stack(0x0000001186200000,0x0000001186300000)]
  0x000001400be6b000 JavaThread "com.google.inject.internal.util.$Finalizer" daemon [_thread_blocked, id=6856, stack(0x0000001186300000,0x0000001186400000)]

Other Threads:
  0x000001400a9fd000 VMThread "VM Thread" [stack: 0x0000001184f00000,0x0000001185000000] [id=10104]
  0x000001400b495800 WatcherThread [stack: 0x0000001185800000,0x0000001185900000] [id=18328]
  0x000001406674e000 GCTaskThread "GC Thread#0" [stack: 0x0000001184a00000,0x0000001184b00000] [id=10712]
  0x000001400c578000 GCTaskThread "GC Thread#1" [stack: 0x0000001185c00000,0x0000001185d00000] [id=12164]
  0x000001400c35b800 GCTaskThread "GC Thread#2" [stack: 0x0000001185d00000,0x0000001185e00000] [id=18492]
  0x000001400c67e000 GCTaskThread "GC Thread#3" [stack: 0x0000001185e00000,0x0000001185f00000] [id=1276]
  0x000001400c67e800 GCTaskThread "GC Thread#4" [stack: 0x0000001185f00000,0x0000001186000000] [id=9848]
  0x000001400c67f800 GCTaskThread "GC Thread#5" [stack: 0x0000001186000000,0x0000001186100000] [id=12116]
  0x000001400c22e800 GCTaskThread "GC Thread#6" [stack: 0x0000001186600000,0x0000001186700000] [id=7572]
  0x00000140667ae000 ConcurrentGCThread "G1 Main Marker" [stack: 0x0000001184b00000,0x0000001184c00000] [id=18344]
  0x00000140667af800 ConcurrentGCThread "G1 Conc#0" [stack: 0x0000001184c00000,0x0000001184d00000] [id=16212]
  0x000001400c22d800 ConcurrentGCThread "G1 Conc#1" [stack: 0x0000001186400000,0x0000001186500000] [id=1532]
  0x000001400c22c800 ConcurrentGCThread "G1 Conc#2" [stack: 0x0000001186500000,0x0000001186600000] [id=17192]
  0x000001400a8d8800 ConcurrentGCThread "G1 Refine#0" [stack: 0x0000001184d00000,0x0000001184e00000] [id=12628]
  0x000001400b59d800 ConcurrentGCThread "G1 Refine#1" [stack: 0x0000001186100000,0x0000001186200000] [id=18136]
  0x000001400a8da000 ConcurrentGCThread "G1 Young RemSet Sampling" [stack: 0x0000001184e00000,0x0000001184f00000] [id=11028]

Threads with active compile tasks:

VM state:not at safepoint (normal execution)

VM Mutex/Monitor currently owned by a thread: None

Heap address: 0x0000000701000000, size: 4080 MB, Compressed Oops mode: Zero based, Oop shift amount: 3
Narrow klass base: 0x0000000800000000, Narrow klass shift: 0
Compressed class space size: 1073741824 Address: 0x0000000800000000

Heap:
 garbage-first heap   total 315392K, used 28967K [0x0000000701000000, 0x0000000800000000)
  region size 1024K, 13 young (13312K), 6 survivors (6144K)
 Metaspace       used 27041K, capacity 27378K, committed 27520K, reserved 1073152K
  class space    used 2984K, capacity 3096K, committed 3200K, reserved 1048576K
Heap Regions: E=young(eden), S=young(survivor), O=old, HS=humongous(starts), HC=humongous(continues), CS=collection set, F=free, A=archive, TAMS=top-at-mark-start (previous, next)
|   0|0x0000000701000000, 0x0000000701100000, 0x0000000701100000|100%| O|  |TAMS 0x0000000701000000, 0x0000000701000000| Untracked 
|   1|0x0000000701100000, 0x0000000701200000, 0x0000000701200000|100%| O|  |TAMS 0x0000000701200000, 0x0000000701100000| Untracked 
|   2|0x0000000701200000, 0x0000000701300000, 0x0000000701300000|100%| O|  |TAMS 0x0000000701300000, 0x0000000701200000| Untracked 
|   3|0x0000000701300000, 0x0000000701400000, 0x0000000701400000|100%| O|  |TAMS 0x0000000701400000, 0x0000000701300000| Untracked 
|   4|0x0000000701400000, 0x0000000701500000, 0x0000000701500000|100%| O|  |TAMS 0x0000000701500000, 0x0000000701400000| Untracked 
|   5|0x0000000701500000, 0x0000000701600000, 0x0000000701600000|100%| O|  |TAMS 0x0000000701600000, 0x0000000701500000| Untracked 
|   6|0x0000000701600000, 0x0000000701700000, 0x0000000701700000|100%| O|  |TAMS 0x0000000701700000, 0x0000000701600000| Untracked 
|   7|0x0000000701700000, 0x0000000701800000, 0x0000000701800000|100%| O|  |TAMS 0x0000000701800000, 0x0000000701700000| Untracked 
|   8|0x0000000701800000, 0x0000000701900000, 0x0000000701900000|100%| O|  |TAMS 0x0000000701800000, 0x0000000701800000| Untracked 
|   9|0x0000000701900000, 0x0000000701a00000, 0x0000000701a00000|100%| O|  |TAMS 0x0000000701900000, 0x0000000701900000| Untracked 
|  10|0x0000000701a00000, 0x0000000701b00000, 0x0000000701b00000|100%| O|  |TAMS 0x0000000701b00000, 0x0000000701a00000| Untracked 
|  11|0x0000000701b00000, 0x0000000701c00000, 0x0000000701c00000|100%| O|  |TAMS 0x0000000701c00000, 0x0000000701b00000| Untracked 
|  12|0x0000000701c00000, 0x0000000701d00000, 0x0000000701d00000|100%| O|  |TAMS 0x0000000701d00000, 0x0000000701c00000| Untracked 
|  13|0x0000000701d00000, 0x0000000701e00000, 0x0000000701e00000|100%| O|  |TAMS 0x0000000701e00000, 0x0000000701d00000| Untracked 
|  14|0x0000000701e00000, 0x0000000701f00000, 0x0000000701f00000|100%| O|  |TAMS 0x0000000701f00000, 0x0000000701e00000| Untracked 
|  15|0x0000000701f00000, 0x0000000702000000, 0x0000000702000000|100%| O|  |TAMS 0x0000000701f5f000, 0x0000000701f00000| Untracked 
|  16|0x0000000702000000, 0x0000000702051200, 0x0000000702100000| 31%| O|  |TAMS 0x0000000702000000, 0x0000000702000000| Untracked 
|  17|0x0000000702100000, 0x0000000702100000, 0x0000000702200000|  0%| F|  |TAMS 0x0000000702100000, 0x0000000702100000| Untracked 
|  18|0x0000000702200000, 0x0000000702200000, 0x0000000702300000|  0%| F|  |TAMS 0x0000000702200000, 0x0000000702200000| Untracked 
|  19|0x0000000702300000, 0x0000000702300000, 0x0000000702400000|  0%| F|  |TAMS 0x0000000702300000, 0x0000000702300000| Untracked 
|  20|0x0000000702400000, 0x0000000702400000, 0x0000000702500000|  0%| F|  |TAMS 0x0000000702400000, 0x0000000702400000| Untracked 
|  21|0x0000000702500000, 0x0000000702500000, 0x0000000702600000|  0%| F|  |TAMS 0x0000000702500000, 0x0000000702500000| Untracked 
|  22|0x0000000702600000, 0x0000000702600000, 0x0000000702700000|  0%| F|  |TAMS 0x0000000702600000, 0x0000000702600000| Untracked 
|  23|0x0000000702700000, 0x0000000702700000, 0x0000000702800000|  0%| F|  |TAMS 0x0000000702700000, 0x0000000702700000| Untracked 
|  24|0x0000000702800000, 0x0000000702800000, 0x0000000702900000|  0%| F|  |TAMS 0x0000000702800000, 0x0000000702800000| Untracked 
|  25|0x0000000702900000, 0x0000000702900000, 0x0000000702a00000|  0%| F|  |TAMS 0x0000000702900000, 0x0000000702900000| Untracked 
|  26|0x0000000702a00000, 0x0000000702a00000, 0x0000000702b00000|  0%| F|  |TAMS 0x0000000702a00000, 0x0000000702a00000| Untracked 
|  27|0x0000000702b00000, 0x0000000702b00000, 0x0000000702c00000|  0%| F|  |TAMS 0x0000000702b00000, 0x0000000702b00000| Untracked 
|  28|0x0000000702c00000, 0x0000000702c00000, 0x0000000702d00000|  0%| F|  |TAMS 0x0000000702c00000, 0x0000000702c00000| Untracked 
|  29|0x0000000702d00000, 0x0000000702d00000, 0x0000000702e00000|  0%| F|  |TAMS 0x0000000702d00000, 0x0000000702d00000| Untracked 
|  30|0x0000000702e00000, 0x0000000702e00000, 0x0000000702f00000|  0%| F|  |TAMS 0x0000000702e00000, 0x0000000702e00000| Untracked 
|  31|0x0000000702f00000, 0x0000000702f00000, 0x0000000703000000|  0%| F|  |TAMS 0x0000000702f00000, 0x0000000702f00000| Untracked 
|  32|0x0000000703000000, 0x0000000703000000, 0x0000000703100000|  0%| F|  |TAMS 0x0000000703000000, 0x0000000703000000| Untracked 
|  33|0x0000000703100000, 0x0000000703100000, 0x0000000703200000|  0%| F|  |TAMS 0x0000000703100000, 0x0000000703100000| Untracked 
|  34|0x0000000703200000, 0x0000000703200000, 0x0000000703300000|  0%| F|  |TAMS 0x0000000703200000, 0x0000000703200000| Untracked 
|  35|0x0000000703300000, 0x0000000703300000, 0x0000000703400000|  0%| F|  |TAMS 0x0000000703300000, 0x0000000703300000| Untracked 
|  36|0x0000000703400000, 0x0000000703400000, 0x0000000703500000|  0%| F|  |TAMS 0x0000000703400000, 0x0000000703400000| Untracked 
|  37|0x0000000703500000, 0x0000000703500000, 0x0000000703600000|  0%| F|  |TAMS 0x0000000703500000, 0x0000000703500000| Untracked 
|  38|0x0000000703600000, 0x0000000703600000, 0x0000000703700000|  0%| F|  |TAMS 0x0000000703600000, 0x0000000703600000| Untracked 
|  39|0x0000000703700000, 0x0000000703700000, 0x0000000703800000|  0%| F|  |TAMS 0x0000000703700000, 0x0000000703700000| Untracked 
|  40|0x0000000703800000, 0x0000000703800000, 0x0000000703900000|  0%| F|  |TAMS 0x0000000703800000, 0x0000000703800000| Untracked 
|  41|0x0000000703900000, 0x0000000703900000, 0x0000000703a00000|  0%| F|  |TAMS 0x0000000703900000, 0x0000000703900000| Untracked 
|  42|0x0000000703a00000, 0x0000000703a00000, 0x0000000703b00000|  0%| F|  |TAMS 0x0000000703a00000, 0x0000000703a00000| Untracked 
|  43|0x0000000703b00000, 0x0000000703b00000, 0x0000000703c00000|  0%| F|  |TAMS 0x0000000703b00000, 0x0000000703b00000| Untracked 
|  44|0x0000000703c00000, 0x0000000703c00000, 0x0000000703d00000|  0%| F|  |TAMS 0x0000000703c00000, 0x0000000703c00000| Untracked 
|  45|0x0000000703d00000, 0x0000000703d00000, 0x0000000703e00000|  0%| F|  |TAMS 0x0000000703d00000, 0x0000000703d00000| Untracked 
|  46|0x0000000703e00000, 0x0000000703e00000, 0x0000000703f00000|  0%| F|  |TAMS 0x0000000703e00000, 0x0000000703e00000| Untracked 
|  47|0x0000000703f00000, 0x0000000703f00000, 0x0000000704000000|  0%| F|  |TAMS 0x0000000703f00000, 0x0000000703f00000| Untracked 
|  48|0x0000000704000000, 0x0000000704000000, 0x0000000704100000|  0%| F|  |TAMS 0x0000000704000000, 0x0000000704000000| Untracked 
|  49|0x0000000704100000, 0x0000000704100000, 0x0000000704200000|  0%| F|  |TAMS 0x0000000704100000, 0x0000000704100000| Untracked 
|  50|0x0000000704200000, 0x0000000704200000, 0x0000000704300000|  0%| F|  |TAMS 0x0000000704200000, 0x0000000704200000| Untracked 
|  51|0x0000000704300000, 0x0000000704300000, 0x0000000704400000|  0%| F|  |TAMS 0x0000000704300000, 0x0000000704300000| Untracked 
|  52|0x0000000704400000, 0x0000000704400000, 0x0000000704500000|  0%| F|  |TAMS 0x0000000704400000, 0x0000000704400000| Untracked 
|  53|0x0000000704500000, 0x0000000704500000, 0x0000000704600000|  0%| F|  |TAMS 0x0000000704500000, 0x0000000704500000| Untracked 
|  54|0x0000000704600000, 0x0000000704600000, 0x0000000704700000|  0%| F|  |TAMS 0x0000000704600000, 0x0000000704600000| Untracked 
|  55|0x0000000704700000, 0x0000000704700000, 0x0000000704800000|  0%| F|  |TAMS 0x0000000704700000, 0x0000000704700000| Untracked 
|  56|0x0000000704800000, 0x0000000704800000, 0x0000000704900000|  0%| F|  |TAMS 0x0000000704800000, 0x0000000704800000| Untracked 
|  57|0x0000000704900000, 0x0000000704900000, 0x0000000704a00000|  0%| F|  |TAMS 0x0000000704900000, 0x0000000704900000| Untracked 
|  58|0x0000000704a00000, 0x0000000704a00000, 0x0000000704b00000|  0%| F|  |TAMS 0x0000000704a00000, 0x0000000704a00000| Untracked 
|  59|0x0000000704b00000, 0x0000000704b00000, 0x0000000704c00000|  0%| F|  |TAMS 0x0000000704b00000, 0x0000000704b00000| Untracked 
|  60|0x0000000704c00000, 0x0000000704c00000, 0x0000000704d00000|  0%| F|  |TAMS 0x0000000704c00000, 0x0000000704c00000| Untracked 
|  61|0x0000000704d00000, 0x0000000704d00000, 0x0000000704e00000|  0%| F|  |TAMS 0x0000000704d00000, 0x0000000704d00000| Untracked 
|  62|0x0000000704e00000, 0x0000000704e00000, 0x0000000704f00000|  0%| F|  |TAMS 0x0000000704e00000, 0x0000000704e00000| Untracked 
|  63|0x0000000704f00000, 0x0000000704f00000, 0x0000000705000000|  0%| F|  |TAMS 0x0000000704f00000, 0x0000000704f00000| Untracked 
|  64|0x0000000705000000, 0x0000000705000000, 0x0000000705100000|  0%| F|  |TAMS 0x0000000705000000, 0x0000000705000000| Untracked 
|  65|0x0000000705100000, 0x0000000705100000, 0x0000000705200000|  0%| F|  |TAMS 0x0000000705100000, 0x0000000705100000| Untracked 
|  66|0x0000000705200000, 0x0000000705200000, 0x0000000705300000|  0%| F|  |TAMS 0x0000000705200000, 0x0000000705200000| Untracked 
|  67|0x0000000705300000, 0x0000000705300000, 0x0000000705400000|  0%| F|  |TAMS 0x0000000705300000, 0x0000000705300000| Untracked 
|  68|0x0000000705400000, 0x0000000705400000, 0x0000000705500000|  0%| F|  |TAMS 0x0000000705400000, 0x0000000705400000| Untracked 
|  69|0x0000000705500000, 0x0000000705500000, 0x0000000705600000|  0%| F|  |TAMS 0x0000000705500000, 0x0000000705500000| Untracked 
|  70|0x0000000705600000, 0x0000000705600000, 0x0000000705700000|  0%| F|  |TAMS 0x0000000705600000, 0x0000000705600000| Untracked 
|  71|0x0000000705700000, 0x0000000705700000, 0x0000000705800000|  0%| F|  |TAMS 0x0000000705700000, 0x0000000705700000| Untracked 
|  72|0x0000000705800000, 0x0000000705800000, 0x0000000705900000|  0%| F|  |TAMS 0x0000000705800000, 0x0000000705800000| Untracked 
|  73|0x0000000705900000, 0x0000000705900000, 0x0000000705a00000|  0%| F|  |TAMS 0x0000000705900000, 0x0000000705900000| Untracked 
|  74|0x0000000705a00000, 0x0000000705a00000, 0x0000000705b00000|  0%| F|  |TAMS 0x0000000705a00000, 0x0000000705a00000| Untracked 
|  75|0x0000000705b00000, 0x0000000705b00000, 0x0000000705c00000|  0%| F|  |TAMS 0x0000000705b00000, 0x0000000705b00000| Untracked 
|  76|0x0000000705c00000, 0x0000000705c00000, 0x0000000705d00000|  0%| F|  |TAMS 0x0000000705c00000, 0x0000000705c00000| Untracked 
|  77|0x0000000705d00000, 0x0000000705d00000, 0x0000000705e00000|  0%| F|  |TAMS 0x0000000705d00000, 0x0000000705d00000| Untracked 
|  78|0x0000000705e00000, 0x0000000705e00000, 0x0000000705f00000|  0%| F|  |TAMS 0x0000000705e00000, 0x0000000705e00000| Untracked 
|  79|0x0000000705f00000, 0x0000000705f00000, 0x0000000706000000|  0%| F|  |TAMS 0x0000000705f00000, 0x0000000705f00000| Untracked 
|  80|0x0000000706000000, 0x0000000706000000, 0x0000000706100000|  0%| F|  |TAMS 0x0000000706000000, 0x0000000706000000| Untracked 
|  81|0x0000000706100000, 0x0000000706100000, 0x0000000706200000|  0%| F|  |TAMS 0x0000000706100000, 0x0000000706100000| Untracked 
|  82|0x0000000706200000, 0x0000000706200000, 0x0000000706300000|  0%| F|  |TAMS 0x0000000706200000, 0x0000000706200000| Untracked 
|  83|0x0000000706300000, 0x0000000706300000, 0x0000000706400000|  0%| F|  |TAMS 0x0000000706300000, 0x0000000706300000| Untracked 
|  84|0x0000000706400000, 0x0000000706400000, 0x0000000706500000|  0%| F|  |TAMS 0x0000000706400000, 0x0000000706400000| Untracked 
|  85|0x0000000706500000, 0x0000000706500000, 0x0000000706600000|  0%| F|  |TAMS 0x0000000706500000, 0x0000000706500000| Untracked 
|  86|0x0000000706600000, 0x0000000706600000, 0x0000000706700000|  0%| F|  |TAMS 0x0000000706600000, 0x0000000706600000| Untracked 
|  87|0x0000000706700000, 0x0000000706700000, 0x0000000706800000|  0%| F|  |TAMS 0x0000000706700000, 0x0000000706700000| Untracked 
|  88|0x0000000706800000, 0x0000000706800000, 0x0000000706900000|  0%| F|  |TAMS 0x0000000706800000, 0x0000000706800000| Untracked 
|  89|0x0000000706900000, 0x0000000706900000, 0x0000000706a00000|  0%| F|  |TAMS 0x0000000706900000, 0x0000000706900000| Untracked 
|  90|0x0000000706a00000, 0x0000000706a00000, 0x0000000706b00000|  0%| F|  |TAMS 0x0000000706a00000, 0x0000000706a00000| Untracked 
|  91|0x0000000706b00000, 0x0000000706b00000, 0x0000000706c00000|  0%| F|  |TAMS 0x0000000706b00000, 0x0000000706b00000| Untracked 
|  92|0x0000000706c00000, 0x0000000706c00000, 0x0000000706d00000|  0%| F|  |TAMS 0x0000000706c00000, 0x0000000706c00000| Untracked 
|  93|0x0000000706d00000, 0x0000000706d00000, 0x0000000706e00000|  0%| F|  |TAMS 0x0000000706d00000, 0x0000000706d00000| Untracked 
|  94|0x0000000706e00000, 0x0000000706e00000, 0x0000000706f00000|  0%| F|  |TAMS 0x0000000706e00000, 0x0000000706e00000| Untracked 
|  95|0x0000000706f00000, 0x0000000706f00000, 0x0000000707000000|  0%| F|  |TAMS 0x0000000706f00000, 0x0000000706f00000| Untracked 
|  96|0x0000000707000000, 0x0000000707000000, 0x0000000707100000|  0%| F|  |TAMS 0x0000000707000000, 0x0000000707000000| Untracked 
|  97|0x0000000707100000, 0x0000000707100000, 0x0000000707200000|  0%| F|  |TAMS 0x0000000707100000, 0x0000000707100000| Untracked 
|  98|0x0000000707200000, 0x0000000707200000, 0x0000000707300000|  0%| F|  |TAMS 0x0000000707200000, 0x0000000707200000| Untracked 
|  99|0x0000000707300000, 0x0000000707300000, 0x0000000707400000|  0%| F|  |TAMS 0x0000000707300000, 0x0000000707300000| Untracked 
| 100|0x0000000707400000, 0x0000000707400000, 0x0000000707500000|  0%| F|  |TAMS 0x0000000707400000, 0x0000000707400000| Untracked 
| 101|0x0000000707500000, 0x0000000707500000, 0x0000000707600000|  0%| F|  |TAMS 0x0000000707500000, 0x0000000707500000| Untracked 
| 102|0x0000000707600000, 0x0000000707600000, 0x0000000707700000|  0%| F|  |TAMS 0x0000000707600000, 0x0000000707600000| Untracked 
| 103|0x0000000707700000, 0x0000000707700000, 0x0000000707800000|  0%| F|  |TAMS 0x0000000707700000, 0x0000000707700000| Untracked 
| 104|0x0000000707800000, 0x0000000707800000, 0x0000000707900000|  0%| F|  |TAMS 0x0000000707800000, 0x0000000707800000| Untracked 
| 105|0x0000000707900000, 0x0000000707900000, 0x0000000707a00000|  0%| F|  |TAMS 0x0000000707900000, 0x0000000707900000| Untracked 
| 106|0x0000000707a00000, 0x0000000707a00000, 0x0000000707b00000|  0%| F|  |TAMS 0x0000000707a00000, 0x0000000707a00000| Untracked 
| 107|0x0000000707b00000, 0x0000000707b00000, 0x0000000707c00000|  0%| F|  |TAMS 0x0000000707b00000, 0x0000000707b00000| Untracked 
| 108|0x0000000707c00000, 0x0000000707c00000, 0x0000000707d00000|  0%| F|  |TAMS 0x0000000707c00000, 0x0000000707c00000| Untracked 
| 109|0x0000000707d00000, 0x0000000707d00000, 0x0000000707e00000|  0%| F|  |TAMS 0x0000000707d00000, 0x0000000707d00000| Untracked 
| 110|0x0000000707e00000, 0x0000000707e00000, 0x0000000707f00000|  0%| F|  |TAMS 0x0000000707e00000, 0x0000000707e00000| Untracked 
| 111|0x0000000707f00000, 0x0000000707f00000, 0x0000000708000000|  0%| F|  |TAMS 0x0000000707f00000, 0x0000000707f00000| Untracked 
| 112|0x0000000708000000, 0x0000000708000000, 0x0000000708100000|  0%| F|  |TAMS 0x0000000708000000, 0x0000000708000000| Untracked 
| 113|0x0000000708100000, 0x0000000708100000, 0x0000000708200000|  0%| F|  |TAMS 0x0000000708100000, 0x0000000708100000| Untracked 
| 114|0x0000000708200000, 0x0000000708200000, 0x0000000708300000|  0%| F|  |TAMS 0x0000000708200000, 0x0000000708200000| Untracked 
| 115|0x0000000708300000, 0x0000000708300000, 0x0000000708400000|  0%| F|  |TAMS 0x0000000708300000, 0x0000000708300000| Untracked 
| 116|0x0000000708400000, 0x0000000708400000, 0x0000000708500000|  0%| F|  |TAMS 0x0000000708400000, 0x0000000708400000| Untracked 
| 117|0x0000000708500000, 0x0000000708500000, 0x0000000708600000|  0%| F|  |TAMS 0x0000000708500000, 0x0000000708500000| Untracked 
| 118|0x0000000708600000, 0x0000000708600000, 0x0000000708700000|  0%| F|  |TAMS 0x0000000708600000, 0x0000000708600000| Untracked 
| 119|0x0000000708700000, 0x0000000708700000, 0x0000000708800000|  0%| F|  |TAMS 0x0000000708700000, 0x0000000708700000| Untracked 
| 120|0x0000000708800000, 0x0000000708800000, 0x0000000708900000|  0%| F|  |TAMS 0x0000000708800000, 0x0000000708800000| Untracked 
| 121|0x0000000708900000, 0x0000000708900000, 0x0000000708a00000|  0%| F|  |TAMS 0x0000000708900000, 0x0000000708900000| Untracked 
| 122|0x0000000708a00000, 0x0000000708a00000, 0x0000000708b00000|  0%| F|  |TAMS 0x0000000708a00000, 0x0000000708a00000| Untracked 
| 123|0x0000000708b00000, 0x0000000708b00000, 0x0000000708c00000|  0%| F|  |TAMS 0x0000000708b00000, 0x0000000708b00000| Untracked 
| 124|0x0000000708c00000, 0x0000000708c00000, 0x0000000708d00000|  0%| F|  |TAMS 0x0000000708c00000, 0x0000000708c00000| Untracked 
| 125|0x0000000708d00000, 0x0000000708d00000, 0x0000000708e00000|  0%| F|  |TAMS 0x0000000708d00000, 0x0000000708d00000| Untracked 
| 126|0x0000000708e00000, 0x0000000708e00000, 0x0000000708f00000|  0%| F|  |TAMS 0x0000000708e00000, 0x0000000708e00000| Untracked 
| 127|0x0000000708f00000, 0x0000000708f00000, 0x0000000709000000|  0%| F|  |TAMS 0x0000000708f00000, 0x0000000708f00000| Untracked 
| 128|0x0000000709000000, 0x0000000709000000, 0x0000000709100000|  0%| F|  |TAMS 0x0000000709000000, 0x0000000709000000| Untracked 
| 129|0x0000000709100000, 0x0000000709100000, 0x0000000709200000|  0%| F|  |TAMS 0x0000000709100000, 0x0000000709100000| Untracked 
| 130|0x0000000709200000, 0x0000000709200000, 0x0000000709300000|  0%| F|  |TAMS 0x0000000709200000, 0x0000000709200000| Untracked 
| 131|0x0000000709300000, 0x00000007093f8b80, 0x0000000709400000| 97%| S|CS|TAMS 0x0000000709300000, 0x0000000709300000| Complete 
| 132|0x0000000709400000, 0x0000000709500000, 0x0000000709500000|100%| S|CS|TAMS 0x0000000709400000, 0x0000000709400000| Complete 
| 133|0x0000000709500000, 0x0000000709600000, 0x0000000709600000|100%| S|CS|TAMS 0x0000000709500000, 0x0000000709500000| Complete 
| 134|0x0000000709600000, 0x0000000709700000, 0x0000000709700000|100%| S|CS|TAMS 0x0000000709600000, 0x0000000709600000| Complete 
| 135|0x0000000709700000, 0x0000000709800000, 0x0000000709800000|100%| S|CS|TAMS 0x0000000709700000, 0x0000000709700000| Complete 
| 136|0x0000000709800000, 0x0000000709900000, 0x0000000709900000|100%| S|CS|TAMS 0x0000000709800000, 0x0000000709800000| Complete 
| 137|0x0000000709900000, 0x0000000709900000, 0x0000000709a00000|  0%| F|  |TAMS 0x0000000709900000, 0x0000000709900000| Untracked 
| 138|0x0000000709a00000, 0x0000000709a00000, 0x0000000709b00000|  0%| F|  |TAMS 0x0000000709a00000, 0x0000000709a00000| Untracked 
| 139|0x0000000709b00000, 0x0000000709b00000, 0x0000000709c00000|  0%| F|  |TAMS 0x0000000709b00000, 0x0000000709b00000| Untracked 
| 140|0x0000000709c00000, 0x0000000709c00000, 0x0000000709d00000|  0%| F|  |TAMS 0x0000000709c00000, 0x0000000709c00000| Untracked 
| 141|0x0000000709d00000, 0x0000000709d00000, 0x0000000709e00000|  0%| F|  |TAMS 0x0000000709d00000, 0x0000000709d00000| Untracked 
| 142|0x0000000709e00000, 0x0000000709e00000, 0x0000000709f00000|  0%| F|  |TAMS 0x0000000709e00000, 0x0000000709e00000| Untracked 
| 143|0x0000000709f00000, 0x0000000709f00000, 0x000000070a000000|  0%| F|  |TAMS 0x0000000709f00000, 0x0000000709f00000| Untracked 
| 144|0x000000070a000000, 0x000000070a000000, 0x000000070a100000|  0%| F|  |TAMS 0x000000070a000000, 0x000000070a000000| Untracked 
| 145|0x000000070a100000, 0x000000070a100000, 0x000000070a200000|  0%| F|  |TAMS 0x000000070a100000, 0x000000070a100000| Untracked 
| 146|0x000000070a200000, 0x000000070a200000, 0x000000070a300000|  0%| F|  |TAMS 0x000000070a200000, 0x000000070a200000| Untracked 
| 147|0x000000070a300000, 0x000000070a300000, 0x000000070a400000|  0%| F|  |TAMS 0x000000070a300000, 0x000000070a300000| Untracked 
| 148|0x000000070a400000, 0x000000070a400000, 0x000000070a500000|  0%| F|  |TAMS 0x000000070a400000, 0x000000070a400000| Untracked 
| 149|0x000000070a500000, 0x000000070a500000, 0x000000070a600000|  0%| F|  |TAMS 0x000000070a500000, 0x000000070a500000| Untracked 
| 150|0x000000070a600000, 0x000000070a600000, 0x000000070a700000|  0%| F|  |TAMS 0x000000070a600000, 0x000000070a600000| Untracked 
| 151|0x000000070a700000, 0x000000070a700000, 0x000000070a800000|  0%| F|  |TAMS 0x000000070a700000, 0x000000070a700000| Untracked 
| 152|0x000000070a800000, 0x000000070a800000, 0x000000070a900000|  0%| F|  |TAMS 0x000000070a800000, 0x000000070a800000| Untracked 
| 153|0x000000070a900000, 0x000000070a900000, 0x000000070aa00000|  0%| F|  |TAMS 0x000000070a900000, 0x000000070a900000| Untracked 
| 154|0x000000070aa00000, 0x000000070aa00000, 0x000000070ab00000|  0%| F|  |TAMS 0x000000070aa00000, 0x000000070aa00000| Untracked 
| 155|0x000000070ab00000, 0x000000070ab00000, 0x000000070ac00000|  0%| F|  |TAMS 0x000000070ab00000, 0x000000070ab00000| Untracked 
| 156|0x000000070ac00000, 0x000000070ac00000, 0x000000070ad00000|  0%| F|  |TAMS 0x000000070ac00000, 0x000000070ac00000| Untracked 
| 157|0x000000070ad00000, 0x000000070ad00000, 0x000000070ae00000|  0%| F|  |TAMS 0x000000070ad00000, 0x000000070ad00000| Untracked 
| 158|0x000000070ae00000, 0x000000070ae00000, 0x000000070af00000|  0%| F|  |TAMS 0x000000070ae00000, 0x000000070ae00000| Untracked 
| 159|0x000000070af00000, 0x000000070af00000, 0x000000070b000000|  0%| F|  |TAMS 0x000000070af00000, 0x000000070af00000| Untracked 
| 160|0x000000070b000000, 0x000000070b000000, 0x000000070b100000|  0%| F|  |TAMS 0x000000070b000000, 0x000000070b000000| Untracked 
| 161|0x000000070b100000, 0x000000070b100000, 0x000000070b200000|  0%| F|  |TAMS 0x000000070b100000, 0x000000070b100000| Untracked 
| 162|0x000000070b200000, 0x000000070b200000, 0x000000070b300000|  0%| F|  |TAMS 0x000000070b200000, 0x000000070b200000| Untracked 
| 163|0x000000070b300000, 0x000000070b300000, 0x000000070b400000|  0%| F|  |TAMS 0x000000070b300000, 0x000000070b300000| Untracked 
| 164|0x000000070b400000, 0x000000070b400000, 0x000000070b500000|  0%| F|  |TAMS 0x000000070b400000, 0x000000070b400000| Untracked 
| 165|0x000000070b500000, 0x000000070b500000, 0x000000070b600000|  0%| F|  |TAMS 0x000000070b500000, 0x000000070b500000| Untracked 
| 166|0x000000070b600000, 0x000000070b600000, 0x000000070b700000|  0%| F|  |TAMS 0x000000070b600000, 0x000000070b600000| Untracked 
| 167|0x000000070b700000, 0x000000070b700000, 0x000000070b800000|  0%| F|  |TAMS 0x000000070b700000, 0x000000070b700000| Untracked 
| 168|0x000000070b800000, 0x000000070b800000, 0x000000070b900000|  0%| F|  |TAMS 0x000000070b800000, 0x000000070b800000| Untracked 
| 169|0x000000070b900000, 0x000000070b900000, 0x000000070ba00000|  0%| F|  |TAMS 0x000000070b900000, 0x000000070b900000| Untracked 
| 170|0x000000070ba00000, 0x000000070ba00000, 0x000000070bb00000|  0%| F|  |TAMS 0x000000070ba00000, 0x000000070ba00000| Untracked 
| 171|0x000000070bb00000, 0x000000070bb00000, 0x000000070bc00000|  0%| F|  |TAMS 0x000000070bb00000, 0x000000070bb00000| Untracked 
| 172|0x000000070bc00000, 0x000000070bc00000, 0x000000070bd00000|  0%| F|  |TAMS 0x000000070bc00000, 0x000000070bc00000| Untracked 
| 173|0x000000070bd00000, 0x000000070bd00000, 0x000000070be00000|  0%| F|  |TAMS 0x000000070bd00000, 0x000000070bd00000| Untracked 
| 174|0x000000070be00000, 0x000000070be00000, 0x000000070bf00000|  0%| F|  |TAMS 0x000000070be00000, 0x000000070be00000| Untracked 
| 175|0x000000070bf00000, 0x000000070bf00000, 0x000000070c000000|  0%| F|  |TAMS 0x000000070bf00000, 0x000000070bf00000| Untracked 
| 176|0x000000070c000000, 0x000000070c000000, 0x000000070c100000|  0%| F|  |TAMS 0x000000070c000000, 0x000000070c000000| Untracked 
| 177|0x000000070c100000, 0x000000070c100000, 0x000000070c200000|  0%| F|  |TAMS 0x000000070c100000, 0x000000070c100000| Untracked 
| 178|0x000000070c200000, 0x000000070c200000, 0x000000070c300000|  0%| F|  |TAMS 0x000000070c200000, 0x000000070c200000| Untracked 
| 179|0x000000070c300000, 0x000000070c300000, 0x000000070c400000|  0%| F|  |TAMS 0x000000070c300000, 0x000000070c300000| Untracked 
| 180|0x000000070c400000, 0x000000070c400000, 0x000000070c500000|  0%| F|  |TAMS 0x000000070c400000, 0x000000070c400000| Untracked 
| 181|0x000000070c500000, 0x000000070c500000, 0x000000070c600000|  0%| F|  |TAMS 0x000000070c500000, 0x000000070c500000| Untracked 
| 182|0x000000070c600000, 0x000000070c600000, 0x000000070c700000|  0%| F|  |TAMS 0x000000070c600000, 0x000000070c600000| Untracked 
| 183|0x000000070c700000, 0x000000070c700000, 0x000000070c800000|  0%| F|  |TAMS 0x000000070c700000, 0x000000070c700000| Untracked 
| 184|0x000000070c800000, 0x000000070c800000, 0x000000070c900000|  0%| F|  |TAMS 0x000000070c800000, 0x000000070c800000| Untracked 
| 185|0x000000070c900000, 0x000000070c900000, 0x000000070ca00000|  0%| F|  |TAMS 0x000000070c900000, 0x000000070c900000| Untracked 
| 186|0x000000070ca00000, 0x000000070ca00000, 0x000000070cb00000|  0%| F|  |TAMS 0x000000070ca00000, 0x000000070ca00000| Untracked 
| 187|0x000000070cb00000, 0x000000070cb00000, 0x000000070cc00000|  0%| F|  |TAMS 0x000000070cb00000, 0x000000070cb00000| Untracked 
| 188|0x000000070cc00000, 0x000000070cc00000, 0x000000070cd00000|  0%| F|  |TAMS 0x000000070cc00000, 0x000000070cc00000| Untracked 
| 189|0x000000070cd00000, 0x000000070cd00000, 0x000000070ce00000|  0%| F|  |TAMS 0x000000070cd00000, 0x000000070cd00000| Untracked 
| 190|0x000000070ce00000, 0x000000070ce00000, 0x000000070cf00000|  0%| F|  |TAMS 0x000000070ce00000, 0x000000070ce00000| Untracked 
| 191|0x000000070cf00000, 0x000000070cf00000, 0x000000070d000000|  0%| F|  |TAMS 0x000000070cf00000, 0x000000070cf00000| Untracked 
| 192|0x000000070d000000, 0x000000070d000000, 0x000000070d100000|  0%| F|  |TAMS 0x000000070d000000, 0x000000070d000000| Untracked 
| 193|0x000000070d100000, 0x000000070d100000, 0x000000070d200000|  0%| F|  |TAMS 0x000000070d100000, 0x000000070d100000| Untracked 
| 194|0x000000070d200000, 0x000000070d200000, 0x000000070d300000|  0%| F|  |TAMS 0x000000070d200000, 0x000000070d200000| Untracked 
| 195|0x000000070d300000, 0x000000070d300000, 0x000000070d400000|  0%| F|  |TAMS 0x000000070d300000, 0x000000070d300000| Untracked 
| 196|0x000000070d400000, 0x000000070d400000, 0x000000070d500000|  0%| F|  |TAMS 0x000000070d400000, 0x000000070d400000| Untracked 
| 197|0x000000070d500000, 0x000000070d500000, 0x000000070d600000|  0%| F|  |TAMS 0x000000070d500000, 0x000000070d500000| Untracked 
| 198|0x000000070d600000, 0x000000070d600000, 0x000000070d700000|  0%| F|  |TAMS 0x000000070d600000, 0x000000070d600000| Untracked 
| 199|0x000000070d700000, 0x000000070d700000, 0x000000070d800000|  0%| F|  |TAMS 0x000000070d700000, 0x000000070d700000| Untracked 
| 200|0x000000070d800000, 0x000000070d800000, 0x000000070d900000|  0%| F|  |TAMS 0x000000070d800000, 0x000000070d800000| Untracked 
| 201|0x000000070d900000, 0x000000070d900000, 0x000000070da00000|  0%| F|  |TAMS 0x000000070d900000, 0x000000070d900000| Untracked 
| 202|0x000000070da00000, 0x000000070da00000, 0x000000070db00000|  0%| F|  |TAMS 0x000000070da00000, 0x000000070da00000| Untracked 
| 203|0x000000070db00000, 0x000000070db00000, 0x000000070dc00000|  0%| F|  |TAMS 0x000000070db00000, 0x000000070db00000| Untracked 
| 204|0x000000070dc00000, 0x000000070dc00000, 0x000000070dd00000|  0%| F|  |TAMS 0x000000070dc00000, 0x000000070dc00000| Untracked 
| 205|0x000000070dd00000, 0x000000070dd00000, 0x000000070de00000|  0%| F|  |TAMS 0x000000070dd00000, 0x000000070dd00000| Untracked 
| 206|0x000000070de00000, 0x000000070de00000, 0x000000070df00000|  0%| F|  |TAMS 0x000000070de00000, 0x000000070de00000| Untracked 
| 207|0x000000070df00000, 0x000000070df00000, 0x000000070e000000|  0%| F|  |TAMS 0x000000070df00000, 0x000000070df00000| Untracked 
| 208|0x000000070e000000, 0x000000070e000000, 0x000000070e100000|  0%| F|  |TAMS 0x000000070e000000, 0x000000070e000000| Untracked 
| 209|0x000000070e100000, 0x000000070e100000, 0x000000070e200000|  0%| F|  |TAMS 0x000000070e100000, 0x000000070e100000| Untracked 
| 210|0x000000070e200000, 0x000000070e200000, 0x000000070e300000|  0%| F|  |TAMS 0x000000070e200000, 0x000000070e200000| Untracked 
| 211|0x000000070e300000, 0x000000070e300000, 0x000000070e400000|  0%| F|  |TAMS 0x000000070e300000, 0x000000070e300000| Untracked 
| 212|0x000000070e400000, 0x000000070e400000, 0x000000070e500000|  0%| F|  |TAMS 0x000000070e400000, 0x000000070e400000| Untracked 
| 213|0x000000070e500000, 0x000000070e500000, 0x000000070e600000|  0%| F|  |TAMS 0x000000070e500000, 0x000000070e500000| Untracked 
| 214|0x000000070e600000, 0x000000070e600000, 0x000000070e700000|  0%| F|  |TAMS 0x000000070e600000, 0x000000070e600000| Untracked 
| 215|0x000000070e700000, 0x000000070e700000, 0x000000070e800000|  0%| F|  |TAMS 0x000000070e700000, 0x000000070e700000| Untracked 
| 216|0x000000070e800000, 0x000000070e800000, 0x000000070e900000|  0%| F|  |TAMS 0x000000070e800000, 0x000000070e800000| Untracked 
| 217|0x000000070e900000, 0x000000070e900000, 0x000000070ea00000|  0%| F|  |TAMS 0x000000070e900000, 0x000000070e900000| Untracked 
| 218|0x000000070ea00000, 0x000000070ea00000, 0x000000070eb00000|  0%| F|  |TAMS 0x000000070ea00000, 0x000000070ea00000| Untracked 
| 219|0x000000070eb00000, 0x000000070eb00000, 0x000000070ec00000|  0%| F|  |TAMS 0x000000070eb00000, 0x000000070eb00000| Untracked 
| 220|0x000000070ec00000, 0x000000070ec00000, 0x000000070ed00000|  0%| F|  |TAMS 0x000000070ec00000, 0x000000070ec00000| Untracked 
| 221|0x000000070ed00000, 0x000000070ed00000, 0x000000070ee00000|  0%| F|  |TAMS 0x000000070ed00000, 0x000000070ed00000| Untracked 
| 222|0x000000070ee00000, 0x000000070ee00000, 0x000000070ef00000|  0%| F|  |TAMS 0x000000070ee00000, 0x000000070ee00000| Untracked 
| 223|0x000000070ef00000, 0x000000070ef00000, 0x000000070f000000|  0%| F|  |TAMS 0x000000070ef00000, 0x000000070ef00000| Untracked 
| 224|0x000000070f000000, 0x000000070f000000, 0x000000070f100000|  0%| F|  |TAMS 0x000000070f000000, 0x000000070f000000| Untracked 
| 225|0x000000070f100000, 0x000000070f100000, 0x000000070f200000|  0%| F|  |TAMS 0x000000070f100000, 0x000000070f100000| Untracked 
| 226|0x000000070f200000, 0x000000070f200000, 0x000000070f300000|  0%| F|  |TAMS 0x000000070f200000, 0x000000070f200000| Untracked 
| 227|0x000000070f300000, 0x000000070f300000, 0x000000070f400000|  0%| F|  |TAMS 0x000000070f300000, 0x000000070f300000| Untracked 
| 228|0x000000070f400000, 0x000000070f400000, 0x000000070f500000|  0%| F|  |TAMS 0x000000070f400000, 0x000000070f400000| Untracked 
| 229|0x000000070f500000, 0x000000070f500000, 0x000000070f600000|  0%| F|  |TAMS 0x000000070f500000, 0x000000070f500000| Untracked 
| 230|0x000000070f600000, 0x000000070f600000, 0x000000070f700000|  0%| F|  |TAMS 0x000000070f600000, 0x000000070f600000| Untracked 
| 231|0x000000070f700000, 0x000000070f700000, 0x000000070f800000|  0%| F|  |TAMS 0x000000070f700000, 0x000000070f700000| Untracked 
| 232|0x000000070f800000, 0x000000070f800000, 0x000000070f900000|  0%| F|  |TAMS 0x000000070f800000, 0x000000070f800000| Untracked 
| 233|0x000000070f900000, 0x000000070f900000, 0x000000070fa00000|  0%| F|  |TAMS 0x000000070f900000, 0x000000070f900000| Untracked 
| 234|0x000000070fa00000, 0x000000070fa00000, 0x000000070fb00000|  0%| F|  |TAMS 0x000000070fa00000, 0x000000070fa00000| Untracked 
| 235|0x000000070fb00000, 0x000000070fb00000, 0x000000070fc00000|  0%| F|  |TAMS 0x000000070fb00000, 0x000000070fb00000| Untracked 
| 236|0x000000070fc00000, 0x000000070fc00000, 0x000000070fd00000|  0%| F|  |TAMS 0x000000070fc00000, 0x000000070fc00000| Untracked 
| 237|0x000000070fd00000, 0x000000070fd00000, 0x000000070fe00000|  0%| F|  |TAMS 0x000000070fd00000, 0x000000070fd00000| Untracked 
| 238|0x000000070fe00000, 0x000000070fe00000, 0x000000070ff00000|  0%| F|  |TAMS 0x000000070fe00000, 0x000000070fe00000| Untracked 
| 239|0x000000070ff00000, 0x000000070ff00000, 0x0000000710000000|  0%| F|  |TAMS 0x000000070ff00000, 0x000000070ff00000| Untracked 
| 240|0x0000000710000000, 0x0000000710000000, 0x0000000710100000|  0%| F|  |TAMS 0x0000000710000000, 0x0000000710000000| Untracked 
| 241|0x0000000710100000, 0x0000000710100000, 0x0000000710200000|  0%| F|  |TAMS 0x0000000710100000, 0x0000000710100000| Untracked 
| 242|0x0000000710200000, 0x0000000710200000, 0x0000000710300000|  0%| F|  |TAMS 0x0000000710200000, 0x0000000710200000| Untracked 
| 243|0x0000000710300000, 0x0000000710300000, 0x0000000710400000|  0%| F|  |TAMS 0x0000000710300000, 0x0000000710300000| Untracked 
| 244|0x0000000710400000, 0x0000000710400000, 0x0000000710500000|  0%| F|  |TAMS 0x0000000710400000, 0x0000000710400000| Untracked 
| 245|0x0000000710500000, 0x0000000710500000, 0x0000000710600000|  0%| F|  |TAMS 0x0000000710500000, 0x0000000710500000| Untracked 
| 246|0x0000000710600000, 0x0000000710600000, 0x0000000710700000|  0%| F|  |TAMS 0x0000000710600000, 0x0000000710600000| Untracked 
| 247|0x0000000710700000, 0x0000000710700000, 0x0000000710800000|  0%| F|  |TAMS 0x0000000710700000, 0x0000000710700000| Untracked 
| 248|0x0000000710800000, 0x0000000710800000, 0x0000000710900000|  0%| F|  |TAMS 0x0000000710800000, 0x0000000710800000| Untracked 
| 249|0x0000000710900000, 0x0000000710900000, 0x0000000710a00000|  0%| F|  |TAMS 0x0000000710900000, 0x0000000710900000| Untracked 
| 250|0x0000000710a00000, 0x0000000710a00000, 0x0000000710b00000|  0%| F|  |TAMS 0x0000000710a00000, 0x0000000710a00000| Untracked 
| 251|0x0000000710b00000, 0x0000000710b00000, 0x0000000710c00000|  0%| F|  |TAMS 0x0000000710b00000, 0x0000000710b00000| Untracked 
| 252|0x0000000710c00000, 0x0000000710c00000, 0x0000000710d00000|  0%| F|  |TAMS 0x0000000710c00000, 0x0000000710c00000| Untracked 
| 253|0x0000000710d00000, 0x0000000710d00000, 0x0000000710e00000|  0%| F|  |TAMS 0x0000000710d00000, 0x0000000710d00000| Untracked 
| 254|0x0000000710e00000, 0x0000000710e00000, 0x0000000710f00000|  0%| F|  |TAMS 0x0000000710e00000, 0x0000000710e00000| Untracked 
| 255|0x0000000710f00000, 0x0000000710f00000, 0x0000000711000000|  0%| F|  |TAMS 0x0000000710f00000, 0x0000000710f00000| Untracked 
| 256|0x0000000711000000, 0x0000000711000000, 0x0000000711100000|  0%| F|  |TAMS 0x0000000711000000, 0x0000000711000000| Untracked 
| 257|0x0000000711100000, 0x0000000711100000, 0x0000000711200000|  0%| F|  |TAMS 0x0000000711100000, 0x0000000711100000| Untracked 
| 258|0x0000000711200000, 0x0000000711200000, 0x0000000711300000|  0%| F|  |TAMS 0x0000000711200000, 0x0000000711200000| Untracked 
| 259|0x0000000711300000, 0x0000000711300000, 0x0000000711400000|  0%| F|  |TAMS 0x0000000711300000, 0x0000000711300000| Untracked 
| 260|0x0000000711400000, 0x0000000711400000, 0x0000000711500000|  0%| F|  |TAMS 0x0000000711400000, 0x0000000711400000| Untracked 
| 261|0x0000000711500000, 0x0000000711500000, 0x0000000711600000|  0%| F|  |TAMS 0x0000000711500000, 0x0000000711500000| Untracked 
| 262|0x0000000711600000, 0x0000000711600000, 0x0000000711700000|  0%| F|  |TAMS 0x0000000711600000, 0x0000000711600000| Untracked 
| 263|0x0000000711700000, 0x0000000711700000, 0x0000000711800000|  0%| F|  |TAMS 0x0000000711700000, 0x0000000711700000| Untracked 
| 264|0x0000000711800000, 0x0000000711800000, 0x0000000711900000|  0%| F|  |TAMS 0x0000000711800000, 0x0000000711800000| Untracked 
| 265|0x0000000711900000, 0x0000000711900000, 0x0000000711a00000|  0%| F|  |TAMS 0x0000000711900000, 0x0000000711900000| Untracked 
| 266|0x0000000711a00000, 0x0000000711a00000, 0x0000000711b00000|  0%| F|  |TAMS 0x0000000711a00000, 0x0000000711a00000| Untracked 
| 267|0x0000000711b00000, 0x0000000711b00000, 0x0000000711c00000|  0%| F|  |TAMS 0x0000000711b00000, 0x0000000711b00000| Untracked 
| 268|0x0000000711c00000, 0x0000000711c00000, 0x0000000711d00000|  0%| F|  |TAMS 0x0000000711c00000, 0x0000000711c00000| Untracked 
| 269|0x0000000711d00000, 0x0000000711d00000, 0x0000000711e00000|  0%| F|  |TAMS 0x0000000711d00000, 0x0000000711d00000| Untracked 
| 270|0x0000000711e00000, 0x0000000711e00000, 0x0000000711f00000|  0%| F|  |TAMS 0x0000000711e00000, 0x0000000711e00000| Untracked 
| 271|0x0000000711f00000, 0x0000000711f00000, 0x0000000712000000|  0%| F|  |TAMS 0x0000000711f00000, 0x0000000711f00000| Untracked 
| 272|0x0000000712000000, 0x0000000712000000, 0x0000000712100000|  0%| F|  |TAMS 0x0000000712000000, 0x0000000712000000| Untracked 
| 273|0x0000000712100000, 0x0000000712100000, 0x0000000712200000|  0%| F|  |TAMS 0x0000000712100000, 0x0000000712100000| Untracked 
| 274|0x0000000712200000, 0x0000000712200000, 0x0000000712300000|  0%| F|  |TAMS 0x0000000712200000, 0x0000000712200000| Untracked 
| 275|0x0000000712300000, 0x0000000712300000, 0x0000000712400000|  0%| F|  |TAMS 0x0000000712300000, 0x0000000712300000| Untracked 
| 276|0x0000000712400000, 0x0000000712400000, 0x0000000712500000|  0%| F|  |TAMS 0x0000000712400000, 0x0000000712400000| Untracked 
| 277|0x0000000712500000, 0x0000000712500000, 0x0000000712600000|  0%| F|  |TAMS 0x0000000712500000, 0x0000000712500000| Untracked 
| 278|0x0000000712600000, 0x0000000712600000, 0x0000000712700000|  0%| F|  |TAMS 0x0000000712600000, 0x0000000712600000| Untracked 
| 279|0x0000000712700000, 0x0000000712700000, 0x0000000712800000|  0%| F|  |TAMS 0x0000000712700000, 0x0000000712700000| Untracked 
| 280|0x0000000712800000, 0x0000000712800000, 0x0000000712900000|  0%| F|  |TAMS 0x0000000712800000, 0x0000000712800000| Untracked 
| 281|0x0000000712900000, 0x0000000712900000, 0x0000000712a00000|  0%| F|  |TAMS 0x0000000712900000, 0x0000000712900000| Untracked 
| 282|0x0000000712a00000, 0x0000000712a00000, 0x0000000712b00000|  0%| F|  |TAMS 0x0000000712a00000, 0x0000000712a00000| Untracked 
| 283|0x0000000712b00000, 0x0000000712b00000, 0x0000000712c00000|  0%| F|  |TAMS 0x0000000712b00000, 0x0000000712b00000| Untracked 
| 284|0x0000000712c00000, 0x0000000712c00000, 0x0000000712d00000|  0%| F|  |TAMS 0x0000000712c00000, 0x0000000712c00000| Untracked 
| 285|0x0000000712d00000, 0x0000000712d00000, 0x0000000712e00000|  0%| F|  |TAMS 0x0000000712d00000, 0x0000000712d00000| Untracked 
| 286|0x0000000712e00000, 0x0000000712e00000, 0x0000000712f00000|  0%| F|  |TAMS 0x0000000712e00000, 0x0000000712e00000| Untracked 
| 287|0x0000000712f00000, 0x0000000712f00000, 0x0000000713000000|  0%| F|  |TAMS 0x0000000712f00000, 0x0000000712f00000| Untracked 
| 288|0x0000000713000000, 0x0000000713000000, 0x0000000713100000|  0%| F|  |TAMS 0x0000000713000000, 0x0000000713000000| Untracked 
| 289|0x0000000713100000, 0x0000000713100000, 0x0000000713200000|  0%| F|  |TAMS 0x0000000713100000, 0x0000000713100000| Untracked 
| 290|0x0000000713200000, 0x0000000713200000, 0x0000000713300000|  0%| F|  |TAMS 0x0000000713200000, 0x0000000713200000| Untracked 
| 291|0x0000000713300000, 0x0000000713300000, 0x0000000713400000|  0%| F|  |TAMS 0x0000000713300000, 0x0000000713300000| Untracked 
| 292|0x0000000713400000, 0x0000000713400000, 0x0000000713500000|  0%| F|  |TAMS 0x0000000713400000, 0x0000000713400000| Untracked 
| 293|0x0000000713500000, 0x0000000713500000, 0x0000000713600000|  0%| F|  |TAMS 0x0000000713500000, 0x0000000713500000| Untracked 
| 294|0x0000000713600000, 0x0000000713600000, 0x0000000713700000|  0%| F|  |TAMS 0x0000000713600000, 0x0000000713600000| Untracked 
| 295|0x0000000713700000, 0x0000000713700000, 0x0000000713800000|  0%| F|  |TAMS 0x0000000713700000, 0x0000000713700000| Untracked 
| 296|0x0000000713800000, 0x0000000713800000, 0x0000000713900000|  0%| F|  |TAMS 0x0000000713800000, 0x0000000713800000| Untracked 
| 297|0x0000000713900000, 0x0000000713900000, 0x0000000713a00000|  0%| F|  |TAMS 0x0000000713900000, 0x0000000713900000| Untracked 
| 298|0x0000000713a00000, 0x0000000713a00000, 0x0000000713b00000|  0%| F|  |TAMS 0x0000000713a00000, 0x0000000713a00000| Untracked 
| 299|0x0000000713b00000, 0x0000000713b00000, 0x0000000713c00000|  0%| F|  |TAMS 0x0000000713b00000, 0x0000000713b00000| Untracked 
| 300|0x0000000713c00000, 0x0000000713c00000, 0x0000000713d00000|  0%| F|  |TAMS 0x0000000713c00000, 0x0000000713c00000| Untracked 
| 301|0x0000000713d00000, 0x0000000713d80800, 0x0000000713e00000| 50%| E|  |TAMS 0x0000000713d00000, 0x0000000713d00000| Complete 
| 302|0x0000000713e00000, 0x0000000713f00000, 0x0000000713f00000|100%| E|CS|TAMS 0x0000000713e00000, 0x0000000713e00000| Complete 
| 303|0x0000000713f00000, 0x0000000714000000, 0x0000000714000000|100%| E|CS|TAMS 0x0000000713f00000, 0x0000000713f00000| Complete 
| 304|0x0000000714000000, 0x0000000714100000, 0x0000000714100000|100%| E|CS|TAMS 0x0000000714000000, 0x0000000714000000| Complete 
| 305|0x0000000714100000, 0x0000000714200000, 0x0000000714200000|100%| E|CS|TAMS 0x0000000714100000, 0x0000000714100000| Complete 
| 306|0x0000000714200000, 0x0000000714300000, 0x0000000714300000|100%| E|CS|TAMS 0x0000000714200000, 0x0000000714200000| Complete 
| 307|0x0000000714300000, 0x0000000714400000, 0x0000000714400000|100%| E|CS|TAMS 0x0000000714300000, 0x0000000714300000| Complete 

Card table byte_map: [0x000001407ebe0000,0x000001407f3e0000] _byte_map_base: 0x000001407b3d8000

Marking Bits (Prev, Next): (CMBitMap*) 0x000001406679d480, (CMBitMap*) 0x000001406679d448
 Prev Bits: [0x0000014003fc0000, 0x0000014007f80000)
 Next Bits: [0x0000014000000000, 0x0000014003fc0000)

Polling page: 0x00000140645a0000

Metaspace:

Usage:
  Non-class:     23.71 MB capacity,    23.49 MB (>99%) used,   189.77 KB ( <1%) free+waste,    35.81 KB ( <1%) overhead. 
      Class:      3.02 MB capacity,     2.91 MB ( 96%) used,    97.09 KB (  3%) free+waste,    14.00 KB ( <1%) overhead. 
       Both:     26.74 MB capacity,    26.41 MB ( 99%) used,   286.85 KB (  1%) free+waste,    49.81 KB ( <1%) overhead. 

Virtual space:
  Non-class space:       24.00 MB reserved,      23.75 MB ( 99%) committed 
      Class space:        1.00 GB reserved,       3.13 MB ( <1%) committed 
             Both:        1.02 GB reserved,      26.88 MB (  3%) committed 

Chunk freelists:
   Non-Class:  38.00 KB
       Class:  8.00 KB
        Both:  46.00 KB

MaxMetaspaceSize: 17179869184.00 GB
CompressedClassSpaceSize: 1.00 GB
Initial GC threshold: 20.80 MB
Current GC threshold: 35.00 MB
CDS: off

CodeHeap 'non-profiled nmethods': size=120000Kb used=2525Kb max_used=2525Kb free=117474Kb
 bounds [0x0000014076960000, 0x0000014076be0000, 0x000001407de90000]
CodeHeap 'profiled nmethods': size=120000Kb used=10315Kb max_used=10315Kb free=109684Kb
 bounds [0x000001406f430000, 0x000001406fe50000, 0x0000014076960000]
CodeHeap 'non-nmethods': size=5760Kb used=1226Kb max_used=1278Kb free=4533Kb
 bounds [0x000001406ee90000, 0x000001406f100000, 0x000001406f430000]
 total_blobs=5029 nmethods=4530 adapters=411
 compilation: enabled
              stopped_count=0, restarted_count=0
 full_count=0

Compilation events (20 events):
Event: 3.068 Thread 0x000001400b338800 nmethod 4522 0x000001406fe3f410 code [0x000001406fe3f6a0, 0x000001406fe40108]
Event: 3.068 Thread 0x000001400b338800 4525       3       sun.nio.fs.WindowsFileAttributes::isReparsePoint (14 bytes)
Event: 3.068 Thread 0x000001400b338800 nmethod 4525 0x000001406fe40590 code [0x000001406fe40740, 0x000001406fe40878]
Event: 3.068 Thread 0x000001400b338800 4523       3       sun.nio.fs.WindowsPathParser$Result::<init> (20 bytes)
Event: 3.068 Thread 0x000001400b338800 nmethod 4523 0x000001406fe40910 code [0x000001406fe40ac0, 0x000001406fe40d58]
Event: 3.068 Thread 0x000001400b338800 4524       3       sun.nio.fs.WindowsPathParser::isLetter (30 bytes)
Event: 3.068 Thread 0x000001400b338800 nmethod 4524 0x000001406fe40e10 code [0x000001406fe40fc0, 0x000001406fe41198]
Event: 3.068 Thread 0x000001400b338800 4530       3       java.io.FileInputStream::read (9 bytes)
Event: 3.068 Thread 0x000001400b338800 nmethod 4530 0x000001406fe41210 code [0x000001406fe413c0, 0x000001406fe41508]
Event: 3.071 Thread 0x000001400b846800 nmethod 4527 0x0000014076bd5890 code [0x0000014076bd5aa0, 0x0000014076bd62c0]
Event: 3.075 Thread 0x000001400b4a4000 4533       4       java.nio.DirectByteBuffer::ix (10 bytes)
Event: 3.075 Thread 0x000001400b338800 4531   !   3       java.nio.DirectByteBuffer::put (32 bytes)
Event: 3.075 Thread 0x000001400b338800 nmethod 4531 0x000001406fe41610 code [0x000001406fe417e0, 0x000001406fe41ad8]
Event: 3.075 Thread 0x000001400b338800 4532       3       jdk.internal.misc.Unsafe::putByte (8 bytes)
Event: 3.075 Thread 0x000001400b4a4000 nmethod 4533 0x0000014076bd6d10 code [0x0000014076bd6ea0, 0x0000014076bd6f18]
Event: 3.075 Thread 0x000001400b338800 nmethod 4532 0x000001406fe41d10 code [0x000001406fe41ec0, 0x000001406fe41fd8]
Event: 3.080 Thread 0x000001400b338800 4537       3       java.lang.invoke.MemberName::isMethod (7 bytes)
Event: 3.080 Thread 0x000001400b338800 nmethod 4537 0x000001406fe42090 code [0x000001406fe42240, 0x000001406fe42478]
Event: 3.080 Thread 0x000001400b338800 4538       3       jdk.internal.org.objectweb.asm.MethodWriter::visitInsn (114 bytes)
Event: 3.080 Thread 0x000001400b338800 nmethod 4538 0x000001406fe42590 code [0x000001406fe42780, 0x000001406fe42ba8]

GC Heap History (12 events):
Event: 0.411 GC heap before
{Heap before GC invocations=0 (full 0):
 garbage-first heap   total 262144K, used 24576K [0x0000000701000000, 0x0000000800000000)
  region size 1024K, 24 young (24576K), 0 survivors (0K)
 Metaspace       used 9868K, capacity 9980K, committed 10240K, reserved 1058816K
  class space    used 896K, capacity 960K, committed 1024K, reserved 1048576K
}
Event: 0.414 GC heap after
{Heap after GC invocations=1 (full 0):
 garbage-first heap   total 262144K, used 7348K [0x0000000701000000, 0x0000000800000000)
  region size 1024K, 3 young (3072K), 3 survivors (3072K)
 Metaspace       used 9868K, capacity 9980K, committed 10240K, reserved 1058816K
  class space    used 896K, capacity 960K, committed 1024K, reserved 1048576K
}
Event: 0.660 GC heap before
{Heap before GC invocations=1 (full 0):
 garbage-first heap   total 262144K, used 39092K [0x0000000701000000, 0x0000000800000000)
  region size 1024K, 30 young (30720K), 3 survivors (3072K)
 Metaspace       used 13229K, capacity 13377K, committed 13440K, reserved 1060864K
  class space    used 1323K, capacity 1387K, committed 1408K, reserved 1048576K
}
Event: 0.664 GC heap after
{Heap after GC invocations=2 (full 0):
 garbage-first heap   total 262144K, used 15520K [0x0000000701000000, 0x0000000800000000)
  region size 1024K, 4 young (4096K), 4 survivors (4096K)
 Metaspace       used 13229K, capacity 13377K, committed 13440K, reserved 1060864K
  class space    used 1323K, capacity 1387K, committed 1408K, reserved 1048576K
}
Event: 1.016 GC heap before
{Heap before GC invocations=2 (full 0):
 garbage-first heap   total 262144K, used 53408K [0x0000000701000000, 0x0000000800000000)
  region size 1024K, 41 young (41984K), 4 survivors (4096K)
 Metaspace       used 18233K, capacity 18427K, committed 18560K, reserved 1064960K
  class space    used 2004K, capacity 2080K, committed 2176K, reserved 1048576K
}
Event: 1.020 GC heap after
{Heap after GC invocations=3 (full 0):
 garbage-first heap   total 262144K, used 20054K [0x0000000701000000, 0x0000000800000000)
  region size 1024K, 5 young (5120K), 5 survivors (5120K)
 Metaspace       used 18233K, capacity 18427K, committed 18560K, reserved 1064960K
  class space    used 2004K, capacity 2080K, committed 2176K, reserved 1048576K
}
Event: 1.212 GC heap before
{Heap before GC invocations=3 (full 0):
 garbage-first heap   total 262144K, used 31318K [0x0000000701000000, 0x0000000800000000)
  region size 1024K, 17 young (17408K), 5 survivors (5120K)
 Metaspace       used 20909K, capacity 21095K, committed 21248K, reserved 1069056K
  class space    used 2357K, capacity 2434K, committed 2560K, reserved 1048576K
}
Event: 1.217 GC heap after
{Heap after GC invocations=4 (full 0):
 garbage-first heap   total 262144K, used 21241K [0x0000000701000000, 0x0000000800000000)
  region size 1024K, 6 young (6144K), 6 survivors (6144K)
 Metaspace       used 20909K, capacity 21095K, committed 21248K, reserved 1069056K
  class space    used 2357K, capacity 2434K, committed 2560K, reserved 1048576K
}
Event: 2.061 GC heap before
{Heap before GC invocations=5 (full 0):
 garbage-first heap   total 262144K, used 87801K [0x0000000701000000, 0x0000000800000000)
  region size 1024K, 74 young (75776K), 6 survivors (6144K)
 Metaspace       used 25462K, capacity 25766K, committed 26112K, reserved 1073152K
  class space    used 2858K, capacity 2971K, committed 3072K, reserved 1048576K
}
Event: 2.069 GC heap after
{Heap after GC invocations=6 (full 0):
 garbage-first heap   total 315392K, used 22625K [0x0000000701000000, 0x0000000800000000)
  region size 1024K, 6 young (6144K), 6 survivors (6144K)
 Metaspace       used 25462K, capacity 25766K, committed 26112K, reserved 1073152K
  class space    used 2858K, capacity 2971K, committed 3072K, reserved 1048576K
}
Event: 2.958 GC heap before
{Heap before GC invocations=6 (full 0):
 garbage-first heap   total 315392K, used 191585K [0x0000000701000000, 0x0000000800000000)
  region size 1024K, 171 young (175104K), 6 survivors (6144K)
 Metaspace       used 26010K, capacity 26296K, committed 26624K, reserved 1073152K
  class space    used 2879K, capacity 2990K, committed 3072K, reserved 1048576K
}
Event: 2.962 GC heap after
{Heap after GC invocations=7 (full 0):
 garbage-first heap   total 315392K, used 22823K [0x0000000701000000, 0x0000000800000000)
  region size 1024K, 6 young (6144K), 6 survivors (6144K)
 Metaspace       used 26010K, capacity 26296K, committed 26624K, reserved 1073152K
  class space    used 2879K, capacity 2990K, committed 3072K, reserved 1048576K
}

Deoptimization events (20 events):
Event: 3.000 Thread 0x0000014066734800 Uncommon trap: trap_request=0xffffff4d fr.pc=0x0000014076b89e0c relative=0x000000000000012c
Event: 3.000 Thread 0x0000014066734800 Uncommon trap: reason=unstable_if action=reinterpret pc=0x0000014076b89e0c method=java.lang.reflect.AccessibleObject.logIfExportedForIllegalAccess(Ljava/lang/Class;Ljava/lang/Class;)V @ 27 c2
Event: 3.000 Thread 0x0000014066734800 DEOPT PACKING pc=0x0000014076b89e0c sp=0x00000011849fbc60
Event: 3.000 Thread 0x0000014066734800 DEOPT UNPACKING pc=0x000001406eeda1af sp=0x00000011849fbab0 mode 2
Event: 3.001 Thread 0x0000014066734800 Uncommon trap: trap_request=0xffffffc6 fr.pc=0x0000014076b6e3ac relative=0x000000000000008c
Event: 3.001 Thread 0x0000014066734800 Uncommon trap: reason=bimorphic_or_optimized_type_check action=maybe_recompile pc=0x0000014076b6e3ac method=java.util.AbstractList$Itr.hasNext()Z @ 8 c2
Event: 3.001 Thread 0x0000014066734800 DEOPT PACKING pc=0x0000014076b6e3ac sp=0x00000011849fb170
Event: 3.001 Thread 0x0000014066734800 DEOPT UNPACKING pc=0x000001406eeda1af sp=0x00000011849fb108 mode 2
Event: 3.001 Thread 0x0000014066734800 Uncommon trap: trap_request=0xffffffc6 fr.pc=0x0000014076b472ac relative=0x00000000000000ec
Event: 3.001 Thread 0x0000014066734800 Uncommon trap: reason=bimorphic_or_optimized_type_check action=maybe_recompile pc=0x0000014076b472ac method=java.util.AbstractList$Itr.next()Ljava/lang/Object; @ 14 c2
Event: 3.001 Thread 0x0000014066734800 DEOPT PACKING pc=0x0000014076b472ac sp=0x00000011849fb170
Event: 3.001 Thread 0x0000014066734800 DEOPT UNPACKING pc=0x000001406eeda1af sp=0x00000011849fb0f8 mode 2
Event: 3.059 Thread 0x0000014066734800 Uncommon trap: trap_request=0xffffff4d fr.pc=0x00000140769f5918 relative=0x0000000000001778
Event: 3.059 Thread 0x0000014066734800 Uncommon trap: reason=unstable_if action=reinterpret pc=0x00000140769f5918 method=java.io.WinNTFileSystem.normalize(Ljava/lang/String;)Ljava/lang/String; @ 128 c2
Event: 3.059 Thread 0x0000014066734800 DEOPT PACKING pc=0x00000140769f5918 sp=0x00000011849f92d0
Event: 3.059 Thread 0x0000014066734800 DEOPT UNPACKING pc=0x000001406eeda1af sp=0x00000011849f92b8 mode 2
Event: 3.065 Thread 0x0000014066734800 Uncommon trap: trap_request=0xffffff4d fr.pc=0x0000014076b8a96c relative=0x000000000000010c
Event: 3.065 Thread 0x0000014066734800 Uncommon trap: reason=unstable_if action=reinterpret pc=0x0000014076b8a96c method=java.lang.reflect.AccessibleObject.logIfExportedForIllegalAccess(Ljava/lang/Class;Ljava/lang/Class;)V @ 27 c2
Event: 3.065 Thread 0x0000014066734800 DEOPT PACKING pc=0x0000014076b8a96c sp=0x00000011849fbbc0
Event: 3.065 Thread 0x0000014066734800 DEOPT UNPACKING pc=0x000001406eeda1af sp=0x00000011849fbaa0 mode 2

Classes redefined (0 events):
No events

Internal exceptions (20 events):
Event: 0.406 Thread 0x0000014066734800 Implicit null exception at 0x0000014076999174 to 0x00000140769996e8
Event: 1.193 Thread 0x0000014066734800 Implicit null exception at 0x00000140769a6574 to 0x00000140769a6b08
Event: 1.304 Thread 0x0000014066734800 Exception <a 'java/io/FileNotFoundException'{0x0000000710b68ef8}> (0x0000000710b68ef8) thrown at [./src/hotspot/share/prims/jni.cpp, line 617]
Event: 1.534 Thread 0x0000014066734800 Implicit null exception at 0x0000014076a7cb55 to 0x0000014076a7e00c
Event: 1.548 Thread 0x0000014066734800 Implicit null exception at 0x0000014076a9dd8d to 0x0000014076a9ff9c
Event: 1.552 Thread 0x0000014066734800 Implicit null exception at 0x0000014076a6a4f0 to 0x0000014076a6a61c
Event: 1.569 Thread 0x0000014066734800 Exception <a 'java/io/FileNotFoundException'{0x000000070f9c7ad0}> (0x000000070f9c7ad0) thrown at [./src/hotspot/share/prims/jni.cpp, line 617]
Event: 1.615 Thread 0x0000014066734800 Exception <a 'java/io/FileNotFoundException'{0x000000070f4607e0}> (0x000000070f4607e0) thrown at [./src/hotspot/share/prims/jni.cpp, line 617]
Event: 1.813 Thread 0x0000014066734800 Exception <a 'java/lang/reflect/InvocationTargetException'{0x000000070e575fa0}> (0x000000070e575fa0) thrown at [./src/hotspot/share/runtime/reflection.cpp, line 1247]
Event: 1.813 Thread 0x0000014066734800 Exception <a 'java/lang/reflect/InvocationTargetException'{0x000000070e592db8}> (0x000000070e592db8) thrown at [./src/hotspot/share/runtime/reflection.cpp, line 1247]
Event: 1.814 Thread 0x0000014066734800 Exception <a 'java/lang/reflect/InvocationTargetException'{0x000000070e5af990}> (0x000000070e5af990) thrown at [./src/hotspot/share/runtime/reflection.cpp, line 1247]
Event: 1.816 Thread 0x0000014066734800 Exception <a 'java/lang/reflect/InvocationTargetException'{0x000000070e5f1350}> (0x000000070e5f1350) thrown at [./src/hotspot/share/runtime/reflection.cpp, line 1247]
Event: 3.002 Thread 0x0000014066734800 Exception <a 'java/lang/NoSuchMethodError'{0x0000000713f40f98}: 'java.lang.Object java.lang.invoke.DirectMethodHandle$Holder.invokeStaticInit(java.lang.Object, int, int, int, int)'> (0x0000000713f40f98) thrown at [./src/hotspot/share/interpreter/linkResolver.cpp, line 773]
Event: 3.063 Thread 0x0000014066734800 Exception <a 'java/lang/NoSuchMethodError'{0x0000000713ffe830}: 'java.lang.Object java.lang.invoke.DirectMethodHandle$Holder.invokeStaticInit(java.lang.Object, java.lang.Object, int, int, int, int)'> (0x0000000713ffe830) thrown at [./src/hotspot/share/interpreter/linkResolver.cpp, line 773]
Event: 3.079 Thread 0x0000014066734800 Exception <a 'java/security/PrivilegedActionException'{0x0000000713eb5a88}> (0x0000000713eb5a88) thrown at [./src/hotspot/share/prims/jvm.cpp, line 1306]
Event: 3.079 Thread 0x0000014066734800 Exception <a 'java/security/PrivilegedActionException'{0x0000000713eb71d0}> (0x0000000713eb71d0) thrown at [./src/hotspot/share/prims/jvm.cpp, line 1306]
Event: 3.079 Thread 0x0000014066734800 Exception <a 'java/security/PrivilegedActionException'{0x0000000713eb8838}> (0x0000000713eb8838) thrown at [./src/hotspot/share/prims/jvm.cpp, line 1306]
Event: 3.080 Thread 0x0000014066734800 Exception <a 'java/security/PrivilegedActionException'{0x0000000713ec5228}> (0x0000000713ec5228) thrown at [./src/hotspot/share/prims/jvm.cpp, line 1306]
Event: 3.080 Thread 0x0000014066734800 Exception <a 'java/security/PrivilegedActionException'{0x0000000713ec6888}> (0x0000000713ec6888) thrown at [./src/hotspot/share/prims/jvm.cpp, line 1306]
Event: 3.080 Thread 0x0000014066734800 Exception <a 'java/security/PrivilegedActionException'{0x0000000713ec7ea8}> (0x0000000713ec7ea8) thrown at [./src/hotspot/share/prims/jvm.cpp, line 1306]

Events (20 events):
Event: 3.084 loading class org/lwjgl/MemoryUtil$Accessor
Event: 3.084 loading class org/lwjgl/MemoryUtil$Accessor done
Event: 3.084 loading class java/nio/charset/CharacterCodingException
Event: 3.085 loading class java/nio/charset/CharacterCodingException done
Event: 3.085 loading class org/lwjgl/MemoryUtilSun$AccessorUnsafe
Event: 3.085 loading class org/lwjgl/MemoryUtilSun$AccessorUnsafe done
Event: 3.085 loading class sun/misc/Unsafe
Event: 3.085 loading class sun/misc/Unsafe done
Event: 3.086 loading class org/lwjgl/MemoryUtilSun
Event: 3.086 loading class org/lwjgl/MemoryUtilSun done
Event: 3.086 loading class org/lwjgl/MemoryUtilSun$AccessorReflectFast
Event: 3.086 loading class org/lwjgl/MemoryUtilSun$AccessorReflectFast done
Event: 3.096 loading class org/lwjgl/openal/ALCdevice
Event: 3.096 loading class org/lwjgl/openal/ALCdevice done
Event: 3.096 loading class org/lwjgl/openal/ALCcontext
Event: 3.096 loading class org/lwjgl/openal/ALCcontext done
Event: 3.096 loading class org/lwjgl/openal/Util
Event: 3.096 loading class org/lwjgl/openal/Util done
Event: 3.097 loading class org/lwjgl/openal/OpenALException
Event: 3.097 loading class org/lwjgl/openal/OpenALException done


Dynamic libraries:
0x00007ff7093e0000 - 0x00007ff7093ed000 	H:\Wollok\jre\bin\javaw.exe
0x00007ffb45d50000 - 0x00007ffb45f48000 	C:\Windows\SYSTEM32\ntdll.dll
0x00007ffb44e90000 - 0x00007ffb44f4d000 	C:\Windows\System32\KERNEL32.DLL
0x00007ffb43830000 - 0x00007ffb43afe000 	C:\Windows\System32\KERNELBASE.dll
0x00007ffb43700000 - 0x00007ffb43800000 	C:\Windows\System32\ucrtbase.dll
0x00007ffb251c0000 - 0x00007ffb251d7000 	H:\Wollok\jre\bin\jli.dll
0x00007ffb20ac0000 - 0x00007ffb20ad5000 	H:\Wollok\jre\bin\VCRUNTIME140.dll
0x00007ffb442b0000 - 0x00007ffb44450000 	C:\Windows\System32\USER32.dll
0x00007ffb43800000 - 0x00007ffb43822000 	C:\Windows\System32\win32u.dll
0x00007ffb32c90000 - 0x00007ffb32f2a000 	C:\Windows\WinSxS\amd64_microsoft.windows.common-controls_6595b64144ccf1df_6.0.19041.1110_none_60b5254171f9507e\COMCTL32.dll
0x00007ffb45ac0000 - 0x00007ffb45aea000 	C:\Windows\System32\GDI32.dll
0x00007ffb45c20000 - 0x00007ffb45cbe000 	C:\Windows\System32\msvcrt.dll
0x00007ffb43470000 - 0x00007ffb4357b000 	C:\Windows\System32\gdi32full.dll
0x00007ffb43660000 - 0x00007ffb436fd000 	C:\Windows\System32\msvcp_win.dll
0x00007ffb45cc0000 - 0x00007ffb45cf0000 	C:\Windows\System32\IMM32.DLL
0x00007ffb063a0000 - 0x00007ffb0643b000 	H:\Wollok\jre\bin\msvcp140.dll
0x00007ffafd380000 - 0x00007ffafdf02000 	H:\Wollok\jre\bin\server\jvm.dll
0x00007ffb44a80000 - 0x00007ffb44b2e000 	C:\Windows\System32\ADVAPI32.dll
0x00007ffb45a20000 - 0x00007ffb45abc000 	C:\Windows\System32\sechost.dll
0x00007ffb45af0000 - 0x00007ffb45c15000 	C:\Windows\System32\RPCRT4.dll
0x00007ffb44f50000 - 0x00007ffb44f58000 	C:\Windows\System32\PSAPI.DLL
0x00007ffb3cfb0000 - 0x00007ffb3cfba000 	C:\Windows\SYSTEM32\VERSION.dll
0x00007ffb37ca0000 - 0x00007ffb37cc7000 	C:\Windows\SYSTEM32\WINMM.dll
0x00007ffb352c0000 - 0x00007ffb352c9000 	C:\Windows\SYSTEM32\WSOCK32.dll
0x00007ffb44990000 - 0x00007ffb449fb000 	C:\Windows\System32\WS2_32.dll
0x00007ffb412b0000 - 0x00007ffb412c2000 	C:\Windows\SYSTEM32\kernel.appcore.dll
0x00007ffb331d0000 - 0x00007ffb331e0000 	H:\Wollok\jre\bin\verify.dll
0x00007ffb349b0000 - 0x00007ffb34b94000 	C:\Windows\SYSTEM32\DBGHELP.DLL
0x00007ffb2e3a0000 - 0x00007ffb2e3cc000 	C:\Windows\SYSTEM32\dbgcore.DLL
0x00007ffb435d0000 - 0x00007ffb43652000 	C:\Windows\System32\bcryptPrimitives.dll
0x00007ffb2d190000 - 0x00007ffb2d1b8000 	H:\Wollok\jre\bin\java.dll
0x00007ffb331c0000 - 0x00007ffb331ca000 	H:\Wollok\jre\bin\jimage.dll
0x00007ffb2ac70000 - 0x00007ffb2ac88000 	H:\Wollok\jre\bin\zip.dll
0x00007ffb45220000 - 0x00007ffb45964000 	C:\Windows\System32\SHELL32.dll
0x00007ffb41590000 - 0x00007ffb41d24000 	C:\Windows\SYSTEM32\windows.storage.dll
0x00007ffb44b30000 - 0x00007ffb44e84000 	C:\Windows\System32\combase.dll
0x00007ffb42e60000 - 0x00007ffb42e90000 	C:\Windows\SYSTEM32\Wldp.dll
0x00007ffb45970000 - 0x00007ffb45a1d000 	C:\Windows\System32\SHCORE.dll
0x00007ffb44460000 - 0x00007ffb444b5000 	C:\Windows\System32\shlwapi.dll
0x00007ffb433b0000 - 0x00007ffb433cf000 	C:\Windows\SYSTEM32\profapi.dll
0x00007ffb2aab0000 - 0x00007ffb2aac9000 	H:\Wollok\jre\bin\net.dll
0x00007ffb3c870000 - 0x00007ffb3c97a000 	C:\Windows\SYSTEM32\WINHTTP.dll
0x00007ffb42b60000 - 0x00007ffb42bca000 	C:\Windows\system32\mswsock.dll
0x00007ffb28b50000 - 0x00007ffb28b63000 	H:\Wollok\jre\bin\nio.dll
0x0000000065580000 - 0x0000000065616000 	C:\Users\plasp\AppData\Local\Temp\libgdxplasp\12dfaa03\gdx64.dll
0x00007ffb42dc0000 - 0x00007ffb42dd8000 	C:\Windows\SYSTEM32\CRYPTSP.dll
0x00007ffb424e0000 - 0x00007ffb42514000 	C:\Windows\system32\rsaenh.dll
0x00007ffb43b00000 - 0x00007ffb43b27000 	C:\Windows\System32\bcrypt.dll
0x00007ffb43370000 - 0x00007ffb4339e000 	C:\Windows\SYSTEM32\USERENV.dll
0x00007ffb42db0000 - 0x00007ffb42dbc000 	C:\Windows\SYSTEM32\CRYPTBASE.dll
0x00007ffb42850000 - 0x00007ffb4288b000 	C:\Windows\SYSTEM32\IPHLPAPI.DLL
0x00007ffb44450000 - 0x00007ffb44458000 	C:\Windows\System32\NSI.dll
0x00007ffb3dc80000 - 0x00007ffb3dc97000 	C:\Windows\SYSTEM32\dhcpcsvc6.DLL
0x00007ffb3dc60000 - 0x00007ffb3dc7d000 	C:\Windows\SYSTEM32\dhcpcsvc.DLL
0x00007ffb42890000 - 0x00007ffb4295a000 	C:\Windows\SYSTEM32\DNSAPI.dll
0x0000000180000000 - 0x0000000180053000 	C:\Users\plasp\AppData\Local\Temp\libgdxplasp\dc0f0009\lwjgl64.dll
0x00007ffb17ae0000 - 0x00007ffb17c07000 	C:\Windows\SYSTEM32\OPENGL32.dll
0x00007ffb39480000 - 0x00007ffb394ac000 	C:\Windows\SYSTEM32\GLU32.dll
0x0000014012460000 - 0x00000140124c4000 	C:\Users\plasp\AppData\Local\Temp\libgdxplasp\dc0f0009\OpenAL64.dll
0x00007ffb444c0000 - 0x00007ffb445ea000 	C:\Windows\System32\ole32.dll
0x00007ffb40eb0000 - 0x00007ffb40f4e000 	C:\Windows\system32\uxtheme.dll
0x00007ffb44fc0000 - 0x00007ffb45069000 	C:\Windows\System32\clbcatq.dll
0x00007ffb22160000 - 0x00007ffb221fc000 	C:\Windows\SYSTEM32\dsound.dll
0x00007ffb42eb0000 - 0x00007ffb42efb000 	C:\Windows\SYSTEM32\powrprof.dll
0x00007ffb23040000 - 0x00007ffb23066000 	C:\Windows\SYSTEM32\winmmbase.dll
0x00007ffb42e90000 - 0x00007ffb42ea2000 	C:\Windows\SYSTEM32\UMPDC.dll
0x00007ffb3dca0000 - 0x00007ffb3dd25000 	C:\Windows\System32\MMDevApi.dll
0x00007ffb43240000 - 0x00007ffb4326c000 	C:\Windows\System32\DEVOBJ.dll
0x00007ffb43580000 - 0x00007ffb435ce000 	C:\Windows\System32\cfgmgr32.dll
0x00007ffb3de60000 - 0x00007ffb3dfe2000 	C:\Windows\SYSTEM32\AUDIOSES.DLL
0x00007ffb448c0000 - 0x00007ffb4498d000 	C:\Windows\System32\OLEAUT32.dll

dbghelp: loaded successfully - version: 4.0.5 - missing functions: none
symbol engine: initialized successfully - sym options: 0x614 - pdb path: .;H:\Wollok\jre\bin;C:\Windows\SYSTEM32;C:\Windows\WinSxS\amd64_microsoft.windows.common-controls_6595b64144ccf1df_6.0.19041.1110_none_60b5254171f9507e;H:\Wollok\jre\bin\server;C:\Users\plasp\AppData\Local\Temp\libgdxplasp\12dfaa03;C:\Users\plasp\AppData\Local\Temp\libgdxplasp\dc0f0009

VM Arguments:
jvm_args: -Duser.language=en_US -Dfile.encoding=UTF-8 
java_command: org.uqbar.project.wollok.launch.WollokLauncher -requestsPort 0 -eventsPort 0 -folder -dontValidate -wf src/plat.wpgm
java_class_path (initial): H:\Wollok\workspace\platformer_wollok\bin;H:\Wollok\plugins\com.ibm.icu_64.2.0.v20190507-1337.jar;H:\Wollok\plugins\org.eclipse.xtext_2.20.0.v20191202-0915.jar;H:\Wollok\plugins\org.eclipse.emf.ecore.xmi_2.16.0.v20190528-0725.jar;H:\Wollok\plugins\org.eclipse.emf.ecore_2.20.0.v20190920-0401.jar;H:\Wollok\plugins\org.eclipse.emf.common_2.17.0.v20190920-0401.jar;H:\Wollok\plugins\org.antlr.runtime_3.2.0.v201101311130.jar;H:\Wollok\plugins\com.google.inject_3.0.0.v201605172100.jar;H:\Wollok\plugins\org.eclipse.emf.mwe.core_1.5.1.v20191121-1148.jar;H:\Wollok\plugins\org.apache.commons.cli_1.2.0.v201404270220.jar;H:\Wollok\plugins\org.eclipse.emf.mwe2.runtime_2.11.1.v20191121-1148.jar;H:\Wollok\plugins\org.eclipse.emf.mwe.utils_1.5.1.v20191121-1148.jar;H:\Wollok\plugins\org.eclipse.xtext.util_2.20.0.v20191202-0915.jar;H:\Wollok\plugins\com.google.guava_27.1.0.v20190517-1946.jar;H:\Wollok\plugins\javax.inject_1.0.0.v20091030.jar;H:\Wollok\plugins\org.eclipse.xtext.generator_2.20.0.v20191202-0933.jar;H:\Wollok\plugins\org.eclipse.xtext.xtext.generator_2.20.0.v20191202-0915.jar;H:\Wollok\plugins\org.eclipse.xtext.xbase.lib_2.20.0.v20191202-0907.jar;H:\Wollok\plugins\org.eclipse.emf.codegen.ecore_2.20.0.v20191012-0918.jar;H:\Wollok\plugins\org.eclipse.emf.codegen_2.19.0.v20190821-1536.jar;H:\Wollok\plugins\org.eclipse.xtend_2.2.0.v201605260315.jar;H:\Wollok\plugins\org.eclipse.xpand_2.2.0.v201605260315.jar;H:\Wollok\plugins\org.eclipse.xtend.typesystem.emf_2.2.0.v201605260315.jar;H:\Wollok\plugins\org.uqbar.project.wollok_3.0.0.jar;H:\Wollok\plugins\org.eclipse.xtext.xbase_2.20.0.v20191202-0933.jar;H:\Wollok\plugins\org.eclipse.xtext.common.types_2.20.0.v20191202-0933.jar;H:\Wollok\plugins\org.eclipse.xtend.lib_2.20.0.v20191202-0907.jar;H:\Wollok\plugins\org.eclipse.xtend.lib.macro_2.20.0.v20191202-0907.jar;H:\Wollok\plugins\org.apache.commons.collections_3.2.2.v201511171945.jar;H:\Wollok\plugins\org.uqbar.project.wollok.launch_3.0.0.jar;H:\Wollo
Launcher Type: SUN_STANDARD

[Global flags]
     intx CICompilerCount                          = 4                                         {product} {ergonomic}
     uint ConcGCThreads                            = 3                                         {product} {ergonomic}
     uint G1ConcRefinementThreads                  = 10                                        {product} {ergonomic}
   size_t G1HeapRegionSize                         = 1048576                                   {product} {ergonomic}
    uintx GCDrainStackTargetSize                   = 64                                        {product} {ergonomic}
   size_t InitialHeapSize                          = 268435456                                 {product} {ergonomic}
   size_t MarkStackSize                            = 4194304                                   {product} {ergonomic}
   size_t MaxHeapSize                              = 4278190080                                {product} {ergonomic}
   size_t MaxNewSize                               = 2566914048                                {product} {ergonomic}
   size_t MinHeapDeltaBytes                        = 1048576                                   {product} {ergonomic}
    uintx NonNMethodCodeHeapSize                   = 5836300                                {pd product} {ergonomic}
    uintx NonProfiledCodeHeapSize                  = 122910970                              {pd product} {ergonomic}
    uintx ProfiledCodeHeapSize                     = 122910970                              {pd product} {ergonomic}
    uintx ReservedCodeCacheSize                    = 251658240                              {pd product} {ergonomic}
     bool SegmentedCodeCache                       = true                                      {product} {ergonomic}
     bool UseCompressedClassPointers               = true                                 {lp64_product} {ergonomic}
     bool UseCompressedOops                        = true                                 {lp64_product} {ergonomic}
     bool UseG1GC                                  = true                                      {product} {ergonomic}
     bool UseLargePagesIndividualAllocation        = false                                  {pd product} {ergonomic}

Logging:
Log output configuration:
 #0: stdout all=warning uptime,level,tags
 #1: stderr all=off uptime,level,tags

Environment Variables:
PATH=H:/Wollok/jre/bin/client;H:/Wollok/jre/bin;C:\Program Files\NVIDIA GPU Computing Toolkit\CUDA\v11.4\bin;C:\Program Files\NVIDIA GPU Computing Toolkit\CUDA\v11.4\libnvvp;C:\Windows\system32;C:\Windows;C:\Windows\System32\Wbem;C:\Windows\System32\WindowsPowerShell\v1.0\;C:\Windows\System32\OpenSSH\;C:\Program Files (x86)\NVIDIA Corporation\PhysX\Common;C:\Program Files\NVIDIA Corporation\NVIDIA NvDLISR;C:\Program Files\Graphviz 2.44.1\bin;C:\Program Files\NVIDIA Corporation\Nsight Compute 2021.2.1\;C:\Program Files\dotnet\;H:\Git\cmd;C:\Users\plasp\AppData\Local\Microsoft\WindowsApps;C:\Users\plasp\AppData\Local\GitHubDesktop\bin;C:\Users\plasp\.dotnet\tools;H:\Users\plasp\AppData\Local\Programs\Microsoft VS Code\bin;H:\Wollok;
USERNAME=plasp
OS=Windows_NT
PROCESSOR_IDENTIFIER=AMD64 Family 23 Model 8 Stepping 2, AuthenticAMD
TMP=C:\Users\plasp\AppData\Local\Temp
TEMP=C:\Users\plasp\AppData\Local\Temp



---------------  S Y S T E M  ---------------

OS: Windows 10 , 64 bit Build 19041 (10.0.19041.1889)
OS uptime: 11 days 10:06 hours

CPU:total 12 (initial active 12) (12 cores per cpu, 2 threads per core) family 23 model 8 stepping 2 microcode 0x0, cmov, cx8, fxsr, mmx, sse, sse2, sse3, ssse3, sse4.1, sse4.2, popcnt, avx, avx2, aes, clmul, mmxext, 3dnowpref, lzcnt, sse4a, ht, tsc, tscinvbit, tscinv, bmi1, bmi2, adx, sha, fma

Memory: 4k page, system-wide physical 16315M (8190M free)
TotalPageFile size 22715M (AvailPageFile size 9573M)
current process WorkingSet (physical memory assigned to process): 340M, peak: 340M
current process commit charge ("private bytes"): 498M, peak: 506M

vm_info: OpenJDK 64-Bit Server VM (11.0.16+8) for windows-amd64 JRE (11.0.16+8), built on Jul 20 2022 07:15:32 by "" with MS VC++ 15.9 (VS2017)

END.
